d:\git\da_easyauth_licensing\client\x64_client_gui\x64_client_gui\x64\debug\vc142.pdb
d:\git\da_easyauth_licensing\client\x64_client_gui\x64_client_gui\x64\debug\vc142.idb
d:\git\da_easyauth_licensing\client\x64_client_gui\x64_client_gui\x64\debug\utils.obj
d:\git\da_easyauth_licensing\client\x64_client_gui\x64_client_gui\x64\debug\source.obj
d:\git\da_easyauth_licensing\client\x64_client_gui\x64_client_gui\x64\debug\native_ldr.obj
d:\git\da_easyauth_licensing\client\x64_client_gui\x64_client_gui\x64\debug\loader.obj
d:\git\da_easyauth_licensing\client\x64_client_gui\x64_client_gui\x64\debug\imgui_widgets.obj
d:\git\da_easyauth_licensing\client\x64_client_gui\x64_client_gui\x64\debug\imgui_tables.obj
d:\git\da_easyauth_licensing\client\x64_client_gui\x64_client_gui\x64\debug\imgui_impl_win32.obj
d:\git\da_easyauth_licensing\client\x64_client_gui\x64_client_gui\x64\debug\imgui_impl_dx11.obj
d:\git\da_easyauth_licensing\client\x64_client_gui\x64_client_gui\x64\debug\imgui_draw.obj
d:\git\da_easyauth_licensing\client\x64_client_gui\x64_client_gui\x64\debug\imgui_demo.obj
d:\git\da_easyauth_licensing\client\x64_client_gui\x64_client_gui\x64\debug\imgui.obj
d:\git\da_easyauth_licensing\client\x64_client_gui\x64_client_gui\x64\debug\gui.obj
d:\git\da_easyauth_licensing\client\x64_client_gui\x64_client_gui\x64\debug\globals.obj
d:\git\da_easyauth_licensing\client\x64_client_gui\x64_client_gui\x64\debug\dotnet_ldr.obj
d:\git\da_easyauth_licensing\client\x64_client_gui\x64_client_gui\x64\debug\crypt.obj
d:\git\da_easyauth_licensing\client\x64_client_gui\x64_client_gui\x64\debug\cache.obj
d:\git\da_easyauth_licensing\client\x64_client_gui\x64_client_gui\x64\debug\auth.obj
d:\git\da_easyauth_licensing\client\x64_client_gui\x64_client_gui\x64\debug\antidbg.obj
d:\git\da_easyauth_licensing\client\x64_client_gui\x64\debug\x64_client_gui.ilk
d:\git\da_easyauth_licensing\client\x64_client_gui\x64\debug\x64_client_gui.exe
d:\git\da_easyauth_licensing\client\x64_client_gui\x64\debug\x64_client_gui.pdb
d:\git\da_easyauth_licensing\client\x64_client_gui\x64_client_gui\x64\debug\mscorlib.tlh
d:\git\da_easyauth_licensing\client\x64_client_gui\x64_client_gui\x64\debug\x64_client_gui.tlog\cl.command.1.tlog
d:\git\da_easyauth_licensing\client\x64_client_gui\x64_client_gui\x64\debug\x64_client_gui.tlog\cl.read.1.tlog
d:\git\da_easyauth_licensing\client\x64_client_gui\x64_client_gui\x64\debug\x64_client_gui.tlog\cl.write.1.tlog
d:\git\da_easyauth_licensing\client\x64_client_gui\x64_client_gui\x64\debug\x64_client_gui.tlog\link.command.1.tlog
d:\git\da_easyauth_licensing\client\x64_client_gui\x64_client_gui\x64\debug\x64_client_gui.tlog\link.read.1.tlog
d:\git\da_easyauth_licensing\client\x64_client_gui\x64_client_gui\x64\debug\x64_client_gui.tlog\link.write.1.tlog
