  antidbg.cpp
C:\Program Files (x86)\Microsoft DirectX SDK (June 2010)\Include\dxgitype.h(12,1): warning C4005: 'DXGI_STATUS_OCCLUDED': macro redefinition
C:\Program Files (x86)\Windows Kits\10\Include\10.0.19041.0\shared\winerror.h(56342): message : see previous definition of 'DXGI_STATUS_OCCLUDED'
C:\Program Files (x86)\Microsoft DirectX SDK (June 2010)\Include\dxgitype.h(13,1): warning C4005: 'DXGI_STATUS_CLIPPED': macro redefinition
C:\Program Files (x86)\Windows Kits\10\Include\10.0.19041.0\shared\winerror.h(56351): message : see previous definition of 'DXGI_STATUS_CLIPPED'
C:\Program Files (x86)\Microsoft DirectX SDK (June 2010)\Include\dxgitype.h(14,1): warning C4005: 'DXGI_STATUS_NO_REDIRECTION': macro redefinition
C:\Program Files (x86)\Windows Kits\10\Include\10.0.19041.0\shared\winerror.h(56360): message : see previous definition of 'DXGI_STATUS_NO_REDIRECTION'
C:\Program Files (x86)\Microsoft DirectX SDK (June 2010)\Include\dxgitype.h(15,1): warning C4005: 'DXGI_STATUS_NO_DESKTOP_ACCESS': macro redefinition
C:\Program Files (x86)\Windows Kits\10\Include\10.0.19041.0\shared\winerror.h(56369): message : see previous definition of 'DXGI_STATUS_NO_DESKTOP_ACCESS'
C:\Program Files (x86)\Microsoft DirectX SDK (June 2010)\Include\dxgitype.h(16,1): warning C4005: 'DXGI_STATUS_GRAPHICS_VIDPN_SOURCE_IN_USE': macro redefinition
C:\Program Files (x86)\Windows Kits\10\Include\10.0.19041.0\shared\winerror.h(56378): message : see previous definition of 'DXGI_STATUS_GRAPHICS_VIDPN_SOURCE_IN_USE'
C:\Program Files (x86)\Microsoft DirectX SDK (June 2010)\Include\dxgitype.h(17,1): warning C4005: 'DXGI_STATUS_MODE_CHANGED': macro redefinition
C:\Program Files (x86)\Windows Kits\10\Include\10.0.19041.0\shared\winerror.h(56387): message : see previous definition of 'DXGI_STATUS_MODE_CHANGED'
C:\Program Files (x86)\Microsoft DirectX SDK (June 2010)\Include\dxgitype.h(18,1): warning C4005: 'DXGI_STATUS_MODE_CHANGE_IN_PROGRESS': macro redefinition
C:\Program Files (x86)\Windows Kits\10\Include\10.0.19041.0\shared\winerror.h(56396): message : see previous definition of 'DXGI_STATUS_MODE_CHANGE_IN_PROGRESS'
C:\Program Files (x86)\Microsoft DirectX SDK (June 2010)\Include\dxgitype.h(21,1): warning C4005: 'DXGI_ERROR_INVALID_CALL': macro redefinition
C:\Program Files (x86)\Windows Kits\10\Include\10.0.19041.0\shared\winerror.h(56411): message : see previous definition of 'DXGI_ERROR_INVALID_CALL'
C:\Program Files (x86)\Microsoft DirectX SDK (June 2010)\Include\dxgitype.h(22,1): warning C4005: 'DXGI_ERROR_NOT_FOUND': macro redefinition
C:\Program Files (x86)\Windows Kits\10\Include\10.0.19041.0\shared\winerror.h(56420): message : see previous definition of 'DXGI_ERROR_NOT_FOUND'
C:\Program Files (x86)\Microsoft DirectX SDK (June 2010)\Include\dxgitype.h(23,1): warning C4005: 'DXGI_ERROR_MORE_DATA': macro redefinition
C:\Program Files (x86)\Windows Kits\10\Include\10.0.19041.0\shared\winerror.h(56429): message : see previous definition of 'DXGI_ERROR_MORE_DATA'
C:\Program Files (x86)\Microsoft DirectX SDK (June 2010)\Include\dxgitype.h(24,1): warning C4005: 'DXGI_ERROR_UNSUPPORTED': macro redefinition
C:\Program Files (x86)\Windows Kits\10\Include\10.0.19041.0\shared\winerror.h(56438): message : see previous definition of 'DXGI_ERROR_UNSUPPORTED'
C:\Program Files (x86)\Microsoft DirectX SDK (June 2010)\Include\dxgitype.h(25,1): warning C4005: 'DXGI_ERROR_DEVICE_REMOVED': macro redefinition
C:\Program Files (x86)\Windows Kits\10\Include\10.0.19041.0\shared\winerror.h(56447): message : see previous definition of 'DXGI_ERROR_DEVICE_REMOVED'
C:\Program Files (x86)\Microsoft DirectX SDK (June 2010)\Include\dxgitype.h(26,1): warning C4005: 'DXGI_ERROR_DEVICE_HUNG': macro redefinition
C:\Program Files (x86)\Windows Kits\10\Include\10.0.19041.0\shared\winerror.h(56456): message : see previous definition of 'DXGI_ERROR_DEVICE_HUNG'
C:\Program Files (x86)\Microsoft DirectX SDK (June 2010)\Include\dxgitype.h(27,1): warning C4005: 'DXGI_ERROR_DEVICE_RESET': macro redefinition
C:\Program Files (x86)\Windows Kits\10\Include\10.0.19041.0\shared\winerror.h(56466): message : see previous definition of 'DXGI_ERROR_DEVICE_RESET'
C:\Program Files (x86)\Microsoft DirectX SDK (June 2010)\Include\dxgitype.h(28,1): warning C4005: 'DXGI_ERROR_WAS_STILL_DRAWING': macro redefinition
C:\Program Files (x86)\Windows Kits\10\Include\10.0.19041.0\shared\winerror.h(56475): message : see previous definition of 'DXGI_ERROR_WAS_STILL_DRAWING'
C:\Program Files (x86)\Microsoft DirectX SDK (June 2010)\Include\dxgitype.h(29,1): warning C4005: 'DXGI_ERROR_FRAME_STATISTICS_DISJOINT': macro redefinition
C:\Program Files (x86)\Windows Kits\10\Include\10.0.19041.0\shared\winerror.h(56485): message : see previous definition of 'DXGI_ERROR_FRAME_STATISTICS_DISJOINT'
C:\Program Files (x86)\Microsoft DirectX SDK (June 2010)\Include\dxgitype.h(30,1): warning C4005: 'DXGI_ERROR_GRAPHICS_VIDPN_SOURCE_IN_USE': macro redefinition
C:\Program Files (x86)\Windows Kits\10\Include\10.0.19041.0\shared\winerror.h(56494): message : see previous definition of 'DXGI_ERROR_GRAPHICS_VIDPN_SOURCE_IN_USE'
C:\Program Files (x86)\Microsoft DirectX SDK (June 2010)\Include\dxgitype.h(31,1): warning C4005: 'DXGI_ERROR_DRIVER_INTERNAL_ERROR': macro redefinition
C:\Program Files (x86)\Windows Kits\10\Include\10.0.19041.0\shared\winerror.h(56504): message : see previous definition of 'DXGI_ERROR_DRIVER_INTERNAL_ERROR'
C:\Program Files (x86)\Microsoft DirectX SDK (June 2010)\Include\dxgitype.h(32,1): warning C4005: 'DXGI_ERROR_NONEXCLUSIVE': macro redefinition
C:\Program Files (x86)\Windows Kits\10\Include\10.0.19041.0\shared\winerror.h(56513): message : see previous definition of 'DXGI_ERROR_NONEXCLUSIVE'
C:\Program Files (x86)\Microsoft DirectX SDK (June 2010)\Include\dxgitype.h(33,1): warning C4005: 'DXGI_ERROR_NOT_CURRENTLY_AVAILABLE': macro redefinition
C:\Program Files (x86)\Windows Kits\10\Include\10.0.19041.0\shared\winerror.h(56522): message : see previous definition of 'DXGI_ERROR_NOT_CURRENTLY_AVAILABLE'
C:\Program Files (x86)\Microsoft DirectX SDK (June 2010)\Include\dxgitype.h(34,1): warning C4005: 'DXGI_ERROR_REMOTE_CLIENT_DISCONNECTED': macro redefinition
C:\Program Files (x86)\Windows Kits\10\Include\10.0.19041.0\shared\winerror.h(56532): message : see previous definition of 'DXGI_ERROR_REMOTE_CLIENT_DISCONNECTED'
C:\Program Files (x86)\Microsoft DirectX SDK (June 2010)\Include\dxgitype.h(35,1): warning C4005: 'DXGI_ERROR_REMOTE_OUTOFMEMORY': macro redefinition
C:\Program Files (x86)\Windows Kits\10\Include\10.0.19041.0\shared\winerror.h(56541): message : see previous definition of 'DXGI_ERROR_REMOTE_OUTOFMEMORY'
C:\Program Files (x86)\Microsoft DirectX SDK (June 2010)\Include\d3d11.h(917,1): warning C4005: 'D3D11_ERROR_TOO_MANY_UNIQUE_STATE_OBJECTS': macro redefinition
C:\Program Files (x86)\Windows Kits\10\Include\10.0.19041.0\shared\winerror.h(56819): message : see previous definition of 'D3D11_ERROR_TOO_MANY_UNIQUE_STATE_OBJECTS'
C:\Program Files (x86)\Microsoft DirectX SDK (June 2010)\Include\d3d11.h(918,1): warning C4005: 'D3D11_ERROR_FILE_NOT_FOUND': macro redefinition
C:\Program Files (x86)\Windows Kits\10\Include\10.0.19041.0\shared\winerror.h(56828): message : see previous definition of 'D3D11_ERROR_FILE_NOT_FOUND'
C:\Program Files (x86)\Microsoft DirectX SDK (June 2010)\Include\d3d11.h(919,1): warning C4005: 'D3D11_ERROR_TOO_MANY_UNIQUE_VIEW_OBJECTS': macro redefinition
C:\Program Files (x86)\Windows Kits\10\Include\10.0.19041.0\shared\winerror.h(56838): message : see previous definition of 'D3D11_ERROR_TOO_MANY_UNIQUE_VIEW_OBJECTS'
C:\Program Files (x86)\Microsoft DirectX SDK (June 2010)\Include\d3d11.h(920,1): warning C4005: 'D3D11_ERROR_DEFERRED_CONTEXT_MAP_WITHOUT_INITIAL_DISCARD': macro redefinition
C:\Program Files (x86)\Windows Kits\10\Include\10.0.19041.0\shared\winerror.h(56847): message : see previous definition of 'D3D11_ERROR_DEFERRED_CONTEXT_MAP_WITHOUT_INITIAL_DISCARD'
C:\Program Files (x86)\Microsoft DirectX SDK (June 2010)\Include\d3d10.h(608,1): warning C4005: 'D3D10_ERROR_TOO_MANY_UNIQUE_STATE_OBJECTS': macro redefinition
C:\Program Files (x86)\Windows Kits\10\Include\10.0.19041.0\shared\winerror.h(56795): message : see previous definition of 'D3D10_ERROR_TOO_MANY_UNIQUE_STATE_OBJECTS'
C:\Program Files (x86)\Microsoft DirectX SDK (June 2010)\Include\d3d10.h(609,1): warning C4005: 'D3D10_ERROR_FILE_NOT_FOUND': macro redefinition
C:\Program Files (x86)\Windows Kits\10\Include\10.0.19041.0\shared\winerror.h(56804): message : see previous definition of 'D3D10_ERROR_FILE_NOT_FOUND'
  auth.cpp
C:\Program Files (x86)\Microsoft DirectX SDK (June 2010)\Include\dxgitype.h(12,1): warning C4005: 'DXGI_STATUS_OCCLUDED': macro redefinition
C:\Program Files (x86)\Windows Kits\10\Include\10.0.19041.0\shared\winerror.h(56342): message : see previous definition of 'DXGI_STATUS_OCCLUDED'
C:\Program Files (x86)\Microsoft DirectX SDK (June 2010)\Include\dxgitype.h(13,1): warning C4005: 'DXGI_STATUS_CLIPPED': macro redefinition
C:\Program Files (x86)\Windows Kits\10\Include\10.0.19041.0\shared\winerror.h(56351): message : see previous definition of 'DXGI_STATUS_CLIPPED'
C:\Program Files (x86)\Microsoft DirectX SDK (June 2010)\Include\dxgitype.h(14,1): warning C4005: 'DXGI_STATUS_NO_REDIRECTION': macro redefinition
C:\Program Files (x86)\Windows Kits\10\Include\10.0.19041.0\shared\winerror.h(56360): message : see previous definition of 'DXGI_STATUS_NO_REDIRECTION'
C:\Program Files (x86)\Microsoft DirectX SDK (June 2010)\Include\dxgitype.h(15,1): warning C4005: 'DXGI_STATUS_NO_DESKTOP_ACCESS': macro redefinition
C:\Program Files (x86)\Windows Kits\10\Include\10.0.19041.0\shared\winerror.h(56369): message : see previous definition of 'DXGI_STATUS_NO_DESKTOP_ACCESS'
C:\Program Files (x86)\Microsoft DirectX SDK (June 2010)\Include\dxgitype.h(16,1): warning C4005: 'DXGI_STATUS_GRAPHICS_VIDPN_SOURCE_IN_USE': macro redefinition
C:\Program Files (x86)\Windows Kits\10\Include\10.0.19041.0\shared\winerror.h(56378): message : see previous definition of 'DXGI_STATUS_GRAPHICS_VIDPN_SOURCE_IN_USE'
C:\Program Files (x86)\Microsoft DirectX SDK (June 2010)\Include\dxgitype.h(17,1): warning C4005: 'DXGI_STATUS_MODE_CHANGED': macro redefinition
C:\Program Files (x86)\Windows Kits\10\Include\10.0.19041.0\shared\winerror.h(56387): message : see previous definition of 'DXGI_STATUS_MODE_CHANGED'
C:\Program Files (x86)\Microsoft DirectX SDK (June 2010)\Include\dxgitype.h(18,1): warning C4005: 'DXGI_STATUS_MODE_CHANGE_IN_PROGRESS': macro redefinition
C:\Program Files (x86)\Windows Kits\10\Include\10.0.19041.0\shared\winerror.h(56396): message : see previous definition of 'DXGI_STATUS_MODE_CHANGE_IN_PROGRESS'
C:\Program Files (x86)\Microsoft DirectX SDK (June 2010)\Include\dxgitype.h(21,1): warning C4005: 'DXGI_ERROR_INVALID_CALL': macro redefinition
C:\Program Files (x86)\Windows Kits\10\Include\10.0.19041.0\shared\winerror.h(56411): message : see previous definition of 'DXGI_ERROR_INVALID_CALL'
C:\Program Files (x86)\Microsoft DirectX SDK (June 2010)\Include\dxgitype.h(22,1): warning C4005: 'DXGI_ERROR_NOT_FOUND': macro redefinition
C:\Program Files (x86)\Windows Kits\10\Include\10.0.19041.0\shared\winerror.h(56420): message : see previous definition of 'DXGI_ERROR_NOT_FOUND'
C:\Program Files (x86)\Microsoft DirectX SDK (June 2010)\Include\dxgitype.h(23,1): warning C4005: 'DXGI_ERROR_MORE_DATA': macro redefinition
C:\Program Files (x86)\Windows Kits\10\Include\10.0.19041.0\shared\winerror.h(56429): message : see previous definition of 'DXGI_ERROR_MORE_DATA'
C:\Program Files (x86)\Microsoft DirectX SDK (June 2010)\Include\dxgitype.h(24,1): warning C4005: 'DXGI_ERROR_UNSUPPORTED': macro redefinition
C:\Program Files (x86)\Windows Kits\10\Include\10.0.19041.0\shared\winerror.h(56438): message : see previous definition of 'DXGI_ERROR_UNSUPPORTED'
C:\Program Files (x86)\Microsoft DirectX SDK (June 2010)\Include\dxgitype.h(25,1): warning C4005: 'DXGI_ERROR_DEVICE_REMOVED': macro redefinition
C:\Program Files (x86)\Windows Kits\10\Include\10.0.19041.0\shared\winerror.h(56447): message : see previous definition of 'DXGI_ERROR_DEVICE_REMOVED'
C:\Program Files (x86)\Microsoft DirectX SDK (June 2010)\Include\dxgitype.h(26,1): warning C4005: 'DXGI_ERROR_DEVICE_HUNG': macro redefinition
C:\Program Files (x86)\Windows Kits\10\Include\10.0.19041.0\shared\winerror.h(56456): message : see previous definition of 'DXGI_ERROR_DEVICE_HUNG'
C:\Program Files (x86)\Microsoft DirectX SDK (June 2010)\Include\dxgitype.h(27,1): warning C4005: 'DXGI_ERROR_DEVICE_RESET': macro redefinition
C:\Program Files (x86)\Windows Kits\10\Include\10.0.19041.0\shared\winerror.h(56466): message : see previous definition of 'DXGI_ERROR_DEVICE_RESET'
C:\Program Files (x86)\Microsoft DirectX SDK (June 2010)\Include\dxgitype.h(28,1): warning C4005: 'DXGI_ERROR_WAS_STILL_DRAWING': macro redefinition
C:\Program Files (x86)\Windows Kits\10\Include\10.0.19041.0\shared\winerror.h(56475): message : see previous definition of 'DXGI_ERROR_WAS_STILL_DRAWING'
C:\Program Files (x86)\Microsoft DirectX SDK (June 2010)\Include\dxgitype.h(29,1): warning C4005: 'DXGI_ERROR_FRAME_STATISTICS_DISJOINT': macro redefinition
C:\Program Files (x86)\Windows Kits\10\Include\10.0.19041.0\shared\winerror.h(56485): message : see previous definition of 'DXGI_ERROR_FRAME_STATISTICS_DISJOINT'
C:\Program Files (x86)\Microsoft DirectX SDK (June 2010)\Include\dxgitype.h(30,1): warning C4005: 'DXGI_ERROR_GRAPHICS_VIDPN_SOURCE_IN_USE': macro redefinition
C:\Program Files (x86)\Windows Kits\10\Include\10.0.19041.0\shared\winerror.h(56494): message : see previous definition of 'DXGI_ERROR_GRAPHICS_VIDPN_SOURCE_IN_USE'
C:\Program Files (x86)\Microsoft DirectX SDK (June 2010)\Include\dxgitype.h(31,1): warning C4005: 'DXGI_ERROR_DRIVER_INTERNAL_ERROR': macro redefinition
C:\Program Files (x86)\Windows Kits\10\Include\10.0.19041.0\shared\winerror.h(56504): message : see previous definition of 'DXGI_ERROR_DRIVER_INTERNAL_ERROR'
C:\Program Files (x86)\Microsoft DirectX SDK (June 2010)\Include\dxgitype.h(32,1): warning C4005: 'DXGI_ERROR_NONEXCLUSIVE': macro redefinition
C:\Program Files (x86)\Windows Kits\10\Include\10.0.19041.0\shared\winerror.h(56513): message : see previous definition of 'DXGI_ERROR_NONEXCLUSIVE'
C:\Program Files (x86)\Microsoft DirectX SDK (June 2010)\Include\dxgitype.h(33,1): warning C4005: 'DXGI_ERROR_NOT_CURRENTLY_AVAILABLE': macro redefinition
C:\Program Files (x86)\Windows Kits\10\Include\10.0.19041.0\shared\winerror.h(56522): message : see previous definition of 'DXGI_ERROR_NOT_CURRENTLY_AVAILABLE'
C:\Program Files (x86)\Microsoft DirectX SDK (June 2010)\Include\dxgitype.h(34,1): warning C4005: 'DXGI_ERROR_REMOTE_CLIENT_DISCONNECTED': macro redefinition
C:\Program Files (x86)\Windows Kits\10\Include\10.0.19041.0\shared\winerror.h(56532): message : see previous definition of 'DXGI_ERROR_REMOTE_CLIENT_DISCONNECTED'
C:\Program Files (x86)\Microsoft DirectX SDK (June 2010)\Include\dxgitype.h(35,1): warning C4005: 'DXGI_ERROR_REMOTE_OUTOFMEMORY': macro redefinition
C:\Program Files (x86)\Windows Kits\10\Include\10.0.19041.0\shared\winerror.h(56541): message : see previous definition of 'DXGI_ERROR_REMOTE_OUTOFMEMORY'
C:\Program Files (x86)\Microsoft DirectX SDK (June 2010)\Include\d3d11.h(917,1): warning C4005: 'D3D11_ERROR_TOO_MANY_UNIQUE_STATE_OBJECTS': macro redefinition
C:\Program Files (x86)\Windows Kits\10\Include\10.0.19041.0\shared\winerror.h(56819): message : see previous definition of 'D3D11_ERROR_TOO_MANY_UNIQUE_STATE_OBJECTS'
C:\Program Files (x86)\Microsoft DirectX SDK (June 2010)\Include\d3d11.h(918,1): warning C4005: 'D3D11_ERROR_FILE_NOT_FOUND': macro redefinition
C:\Program Files (x86)\Windows Kits\10\Include\10.0.19041.0\shared\winerror.h(56828): message : see previous definition of 'D3D11_ERROR_FILE_NOT_FOUND'
C:\Program Files (x86)\Microsoft DirectX SDK (June 2010)\Include\d3d11.h(919,1): warning C4005: 'D3D11_ERROR_TOO_MANY_UNIQUE_VIEW_OBJECTS': macro redefinition
C:\Program Files (x86)\Windows Kits\10\Include\10.0.19041.0\shared\winerror.h(56838): message : see previous definition of 'D3D11_ERROR_TOO_MANY_UNIQUE_VIEW_OBJECTS'
C:\Program Files (x86)\Microsoft DirectX SDK (June 2010)\Include\d3d11.h(920,1): warning C4005: 'D3D11_ERROR_DEFERRED_CONTEXT_MAP_WITHOUT_INITIAL_DISCARD': macro redefinition
C:\Program Files (x86)\Windows Kits\10\Include\10.0.19041.0\shared\winerror.h(56847): message : see previous definition of 'D3D11_ERROR_DEFERRED_CONTEXT_MAP_WITHOUT_INITIAL_DISCARD'
C:\Program Files (x86)\Microsoft DirectX SDK (June 2010)\Include\d3d10.h(608,1): warning C4005: 'D3D10_ERROR_TOO_MANY_UNIQUE_STATE_OBJECTS': macro redefinition
C:\Program Files (x86)\Windows Kits\10\Include\10.0.19041.0\shared\winerror.h(56795): message : see previous definition of 'D3D10_ERROR_TOO_MANY_UNIQUE_STATE_OBJECTS'
C:\Program Files (x86)\Microsoft DirectX SDK (June 2010)\Include\d3d10.h(609,1): warning C4005: 'D3D10_ERROR_FILE_NOT_FOUND': macro redefinition
C:\Program Files (x86)\Windows Kits\10\Include\10.0.19041.0\shared\winerror.h(56804): message : see previous definition of 'D3D10_ERROR_FILE_NOT_FOUND'
C:\Program Files (x86)\Microsoft Visual Studio\2019\Community\VC\Tools\MSVC\14.27.29110\include\xstring(2390,23): warning C4244: 'argument': conversion from 'wchar_t' to 'const _Elem', possible loss of data
          with
          [
              _Elem=char
          ]
C:\Program Files (x86)\Microsoft Visual Studio\2019\Community\VC\Tools\MSVC\14.27.29110\include\xstring(2401): message : see reference to function template instantiation 'void std::basic_string<char,std::char_traits<char>,std::allocator<char>>::_Construct<wchar_t*>(_Iter,const _Iter,std::input_iterator_tag)' being compiled
          with
          [
              _Iter=wchar_t *
          ]
C:\Program Files (x86)\Microsoft Visual Studio\2019\Community\VC\Tools\MSVC\14.27.29110\include\xstring(2401): message : see reference to function template instantiation 'void std::basic_string<char,std::char_traits<char>,std::allocator<char>>::_Construct<wchar_t*>(_Iter,const _Iter,std::input_iterator_tag)' being compiled
          with
          [
              _Iter=wchar_t *
          ]
C:\Program Files (x86)\Microsoft Visual Studio\2019\Community\VC\Tools\MSVC\14.27.29110\include\xstring(2381): message : see reference to function template instantiation 'void std::basic_string<char,std::char_traits<char>,std::allocator<char>>::_Construct<wchar_t*>(const _Iter,const _Iter,std::forward_iterator_tag)' being compiled
          with
          [
              _Iter=wchar_t *
          ]
C:\Program Files (x86)\Microsoft Visual Studio\2019\Community\VC\Tools\MSVC\14.27.29110\include\xstring(2381): message : see reference to function template instantiation 'void std::basic_string<char,std::char_traits<char>,std::allocator<char>>::_Construct<wchar_t*>(const _Iter,const _Iter,std::forward_iterator_tag)' being compiled
          with
          [
              _Iter=wchar_t *
          ]
D:\git\DA_EasyAuth_Licensing\Client\x64_client_gui\x64_client_gui\auth.cpp(122): message : see reference to function template instantiation 'std::basic_string<char,std::char_traits<char>,std::allocator<char>>::basic_string<std::_String_iterator<std::_String_val<std::_Simple_types<_Elem>>>,0>(_Iter,_Iter,const _Alloc &)' being compiled
          with
          [
              _Elem=wchar_t,
              _Iter=std::_String_iterator<std::_String_val<std::_Simple_types<wchar_t>>>,
              _Alloc=std::allocator<char>
          ]
D:\git\DA_EasyAuth_Licensing\Client\x64_client_gui\x64_client_gui\auth.cpp(122): message : see reference to function template instantiation 'std::basic_string<char,std::char_traits<char>,std::allocator<char>>::basic_string<std::_String_iterator<std::_String_val<std::_Simple_types<_Elem>>>,0>(_Iter,_Iter,const _Alloc &)' being compiled
          with
          [
              _Elem=wchar_t,
              _Iter=std::_String_iterator<std::_String_val<std::_Simple_types<wchar_t>>>,
              _Alloc=std::allocator<char>
          ]
  crypt.cpp
C:\Program Files (x86)\Microsoft DirectX SDK (June 2010)\Include\dxgitype.h(12,1): warning C4005: 'DXGI_STATUS_OCCLUDED': macro redefinition
C:\Program Files (x86)\Windows Kits\10\Include\10.0.19041.0\shared\winerror.h(56342): message : see previous definition of 'DXGI_STATUS_OCCLUDED'
C:\Program Files (x86)\Microsoft DirectX SDK (June 2010)\Include\dxgitype.h(13,1): warning C4005: 'DXGI_STATUS_CLIPPED': macro redefinition
C:\Program Files (x86)\Windows Kits\10\Include\10.0.19041.0\shared\winerror.h(56351): message : see previous definition of 'DXGI_STATUS_CLIPPED'
C:\Program Files (x86)\Microsoft DirectX SDK (June 2010)\Include\dxgitype.h(14,1): warning C4005: 'DXGI_STATUS_NO_REDIRECTION': macro redefinition
C:\Program Files (x86)\Windows Kits\10\Include\10.0.19041.0\shared\winerror.h(56360): message : see previous definition of 'DXGI_STATUS_NO_REDIRECTION'
C:\Program Files (x86)\Microsoft DirectX SDK (June 2010)\Include\dxgitype.h(15,1): warning C4005: 'DXGI_STATUS_NO_DESKTOP_ACCESS': macro redefinition
C:\Program Files (x86)\Windows Kits\10\Include\10.0.19041.0\shared\winerror.h(56369): message : see previous definition of 'DXGI_STATUS_NO_DESKTOP_ACCESS'
C:\Program Files (x86)\Microsoft DirectX SDK (June 2010)\Include\dxgitype.h(16,1): warning C4005: 'DXGI_STATUS_GRAPHICS_VIDPN_SOURCE_IN_USE': macro redefinition
C:\Program Files (x86)\Windows Kits\10\Include\10.0.19041.0\shared\winerror.h(56378): message : see previous definition of 'DXGI_STATUS_GRAPHICS_VIDPN_SOURCE_IN_USE'
C:\Program Files (x86)\Microsoft DirectX SDK (June 2010)\Include\dxgitype.h(17,1): warning C4005: 'DXGI_STATUS_MODE_CHANGED': macro redefinition
C:\Program Files (x86)\Windows Kits\10\Include\10.0.19041.0\shared\winerror.h(56387): message : see previous definition of 'DXGI_STATUS_MODE_CHANGED'
C:\Program Files (x86)\Microsoft DirectX SDK (June 2010)\Include\dxgitype.h(18,1): warning C4005: 'DXGI_STATUS_MODE_CHANGE_IN_PROGRESS': macro redefinition
C:\Program Files (x86)\Windows Kits\10\Include\10.0.19041.0\shared\winerror.h(56396): message : see previous definition of 'DXGI_STATUS_MODE_CHANGE_IN_PROGRESS'
C:\Program Files (x86)\Microsoft DirectX SDK (June 2010)\Include\dxgitype.h(21,1): warning C4005: 'DXGI_ERROR_INVALID_CALL': macro redefinition
C:\Program Files (x86)\Windows Kits\10\Include\10.0.19041.0\shared\winerror.h(56411): message : see previous definition of 'DXGI_ERROR_INVALID_CALL'
C:\Program Files (x86)\Microsoft DirectX SDK (June 2010)\Include\dxgitype.h(22,1): warning C4005: 'DXGI_ERROR_NOT_FOUND': macro redefinition
C:\Program Files (x86)\Windows Kits\10\Include\10.0.19041.0\shared\winerror.h(56420): message : see previous definition of 'DXGI_ERROR_NOT_FOUND'
C:\Program Files (x86)\Microsoft DirectX SDK (June 2010)\Include\dxgitype.h(23,1): warning C4005: 'DXGI_ERROR_MORE_DATA': macro redefinition
C:\Program Files (x86)\Windows Kits\10\Include\10.0.19041.0\shared\winerror.h(56429): message : see previous definition of 'DXGI_ERROR_MORE_DATA'
C:\Program Files (x86)\Microsoft DirectX SDK (June 2010)\Include\dxgitype.h(24,1): warning C4005: 'DXGI_ERROR_UNSUPPORTED': macro redefinition
C:\Program Files (x86)\Windows Kits\10\Include\10.0.19041.0\shared\winerror.h(56438): message : see previous definition of 'DXGI_ERROR_UNSUPPORTED'
C:\Program Files (x86)\Microsoft DirectX SDK (June 2010)\Include\dxgitype.h(25,1): warning C4005: 'DXGI_ERROR_DEVICE_REMOVED': macro redefinition
C:\Program Files (x86)\Windows Kits\10\Include\10.0.19041.0\shared\winerror.h(56447): message : see previous definition of 'DXGI_ERROR_DEVICE_REMOVED'
C:\Program Files (x86)\Microsoft DirectX SDK (June 2010)\Include\dxgitype.h(26,1): warning C4005: 'DXGI_ERROR_DEVICE_HUNG': macro redefinition
C:\Program Files (x86)\Windows Kits\10\Include\10.0.19041.0\shared\winerror.h(56456): message : see previous definition of 'DXGI_ERROR_DEVICE_HUNG'
C:\Program Files (x86)\Microsoft DirectX SDK (June 2010)\Include\dxgitype.h(27,1): warning C4005: 'DXGI_ERROR_DEVICE_RESET': macro redefinition
C:\Program Files (x86)\Windows Kits\10\Include\10.0.19041.0\shared\winerror.h(56466): message : see previous definition of 'DXGI_ERROR_DEVICE_RESET'
C:\Program Files (x86)\Microsoft DirectX SDK (June 2010)\Include\dxgitype.h(28,1): warning C4005: 'DXGI_ERROR_WAS_STILL_DRAWING': macro redefinition
C:\Program Files (x86)\Windows Kits\10\Include\10.0.19041.0\shared\winerror.h(56475): message : see previous definition of 'DXGI_ERROR_WAS_STILL_DRAWING'
C:\Program Files (x86)\Microsoft DirectX SDK (June 2010)\Include\dxgitype.h(29,1): warning C4005: 'DXGI_ERROR_FRAME_STATISTICS_DISJOINT': macro redefinition
C:\Program Files (x86)\Windows Kits\10\Include\10.0.19041.0\shared\winerror.h(56485): message : see previous definition of 'DXGI_ERROR_FRAME_STATISTICS_DISJOINT'
C:\Program Files (x86)\Microsoft DirectX SDK (June 2010)\Include\dxgitype.h(30,1): warning C4005: 'DXGI_ERROR_GRAPHICS_VIDPN_SOURCE_IN_USE': macro redefinition
C:\Program Files (x86)\Windows Kits\10\Include\10.0.19041.0\shared\winerror.h(56494): message : see previous definition of 'DXGI_ERROR_GRAPHICS_VIDPN_SOURCE_IN_USE'
C:\Program Files (x86)\Microsoft DirectX SDK (June 2010)\Include\dxgitype.h(31,1): warning C4005: 'DXGI_ERROR_DRIVER_INTERNAL_ERROR': macro redefinition
C:\Program Files (x86)\Windows Kits\10\Include\10.0.19041.0\shared\winerror.h(56504): message : see previous definition of 'DXGI_ERROR_DRIVER_INTERNAL_ERROR'
C:\Program Files (x86)\Microsoft DirectX SDK (June 2010)\Include\dxgitype.h(32,1): warning C4005: 'DXGI_ERROR_NONEXCLUSIVE': macro redefinition
C:\Program Files (x86)\Windows Kits\10\Include\10.0.19041.0\shared\winerror.h(56513): message : see previous definition of 'DXGI_ERROR_NONEXCLUSIVE'
C:\Program Files (x86)\Microsoft DirectX SDK (June 2010)\Include\dxgitype.h(33,1): warning C4005: 'DXGI_ERROR_NOT_CURRENTLY_AVAILABLE': macro redefinition
C:\Program Files (x86)\Windows Kits\10\Include\10.0.19041.0\shared\winerror.h(56522): message : see previous definition of 'DXGI_ERROR_NOT_CURRENTLY_AVAILABLE'
C:\Program Files (x86)\Microsoft DirectX SDK (June 2010)\Include\dxgitype.h(34,1): warning C4005: 'DXGI_ERROR_REMOTE_CLIENT_DISCONNECTED': macro redefinition
C:\Program Files (x86)\Windows Kits\10\Include\10.0.19041.0\shared\winerror.h(56532): message : see previous definition of 'DXGI_ERROR_REMOTE_CLIENT_DISCONNECTED'
C:\Program Files (x86)\Microsoft DirectX SDK (June 2010)\Include\dxgitype.h(35,1): warning C4005: 'DXGI_ERROR_REMOTE_OUTOFMEMORY': macro redefinition
C:\Program Files (x86)\Windows Kits\10\Include\10.0.19041.0\shared\winerror.h(56541): message : see previous definition of 'DXGI_ERROR_REMOTE_OUTOFMEMORY'
C:\Program Files (x86)\Microsoft DirectX SDK (June 2010)\Include\d3d11.h(917,1): warning C4005: 'D3D11_ERROR_TOO_MANY_UNIQUE_STATE_OBJECTS': macro redefinition
C:\Program Files (x86)\Windows Kits\10\Include\10.0.19041.0\shared\winerror.h(56819): message : see previous definition of 'D3D11_ERROR_TOO_MANY_UNIQUE_STATE_OBJECTS'
C:\Program Files (x86)\Microsoft DirectX SDK (June 2010)\Include\d3d11.h(918,1): warning C4005: 'D3D11_ERROR_FILE_NOT_FOUND': macro redefinition
C:\Program Files (x86)\Windows Kits\10\Include\10.0.19041.0\shared\winerror.h(56828): message : see previous definition of 'D3D11_ERROR_FILE_NOT_FOUND'
C:\Program Files (x86)\Microsoft DirectX SDK (June 2010)\Include\d3d11.h(919,1): warning C4005: 'D3D11_ERROR_TOO_MANY_UNIQUE_VIEW_OBJECTS': macro redefinition
C:\Program Files (x86)\Windows Kits\10\Include\10.0.19041.0\shared\winerror.h(56838): message : see previous definition of 'D3D11_ERROR_TOO_MANY_UNIQUE_VIEW_OBJECTS'
C:\Program Files (x86)\Microsoft DirectX SDK (June 2010)\Include\d3d11.h(920,1): warning C4005: 'D3D11_ERROR_DEFERRED_CONTEXT_MAP_WITHOUT_INITIAL_DISCARD': macro redefinition
C:\Program Files (x86)\Windows Kits\10\Include\10.0.19041.0\shared\winerror.h(56847): message : see previous definition of 'D3D11_ERROR_DEFERRED_CONTEXT_MAP_WITHOUT_INITIAL_DISCARD'
C:\Program Files (x86)\Microsoft DirectX SDK (June 2010)\Include\d3d10.h(608,1): warning C4005: 'D3D10_ERROR_TOO_MANY_UNIQUE_STATE_OBJECTS': macro redefinition
C:\Program Files (x86)\Windows Kits\10\Include\10.0.19041.0\shared\winerror.h(56795): message : see previous definition of 'D3D10_ERROR_TOO_MANY_UNIQUE_STATE_OBJECTS'
C:\Program Files (x86)\Microsoft DirectX SDK (June 2010)\Include\d3d10.h(609,1): warning C4005: 'D3D10_ERROR_FILE_NOT_FOUND': macro redefinition
C:\Program Files (x86)\Windows Kits\10\Include\10.0.19041.0\shared\winerror.h(56804): message : see previous definition of 'D3D10_ERROR_FILE_NOT_FOUND'
D:\git\DA_EasyAuth_Licensing\Client\x64_client_gui\x64_client_gui\crypt.cpp(22,40): warning C4267: 'initializing': conversion from 'size_t' to 'unsigned long', possible loss of data
D:\git\DA_EasyAuth_Licensing\Client\x64_client_gui\x64_client_gui\crypt.cpp(23,42): warning C4267: 'initializing': conversion from 'size_t' to 'unsigned long', possible loss of data
  dotnet_ldr.cpp
C:\Program Files (x86)\Microsoft DirectX SDK (June 2010)\Include\dxgitype.h(12,1): warning C4005: 'DXGI_STATUS_OCCLUDED': macro redefinition
C:\Program Files (x86)\Windows Kits\10\Include\10.0.19041.0\shared\winerror.h(56342): message : see previous definition of 'DXGI_STATUS_OCCLUDED'
C:\Program Files (x86)\Microsoft DirectX SDK (June 2010)\Include\dxgitype.h(13,1): warning C4005: 'DXGI_STATUS_CLIPPED': macro redefinition
C:\Program Files (x86)\Windows Kits\10\Include\10.0.19041.0\shared\winerror.h(56351): message : see previous definition of 'DXGI_STATUS_CLIPPED'
C:\Program Files (x86)\Microsoft DirectX SDK (June 2010)\Include\dxgitype.h(14,1): warning C4005: 'DXGI_STATUS_NO_REDIRECTION': macro redefinition
C:\Program Files (x86)\Windows Kits\10\Include\10.0.19041.0\shared\winerror.h(56360): message : see previous definition of 'DXGI_STATUS_NO_REDIRECTION'
C:\Program Files (x86)\Microsoft DirectX SDK (June 2010)\Include\dxgitype.h(15,1): warning C4005: 'DXGI_STATUS_NO_DESKTOP_ACCESS': macro redefinition
C:\Program Files (x86)\Windows Kits\10\Include\10.0.19041.0\shared\winerror.h(56369): message : see previous definition of 'DXGI_STATUS_NO_DESKTOP_ACCESS'
C:\Program Files (x86)\Microsoft DirectX SDK (June 2010)\Include\dxgitype.h(16,1): warning C4005: 'DXGI_STATUS_GRAPHICS_VIDPN_SOURCE_IN_USE': macro redefinition
C:\Program Files (x86)\Windows Kits\10\Include\10.0.19041.0\shared\winerror.h(56378): message : see previous definition of 'DXGI_STATUS_GRAPHICS_VIDPN_SOURCE_IN_USE'
C:\Program Files (x86)\Microsoft DirectX SDK (June 2010)\Include\dxgitype.h(17,1): warning C4005: 'DXGI_STATUS_MODE_CHANGED': macro redefinition
C:\Program Files (x86)\Windows Kits\10\Include\10.0.19041.0\shared\winerror.h(56387): message : see previous definition of 'DXGI_STATUS_MODE_CHANGED'
C:\Program Files (x86)\Microsoft DirectX SDK (June 2010)\Include\dxgitype.h(18,1): warning C4005: 'DXGI_STATUS_MODE_CHANGE_IN_PROGRESS': macro redefinition
C:\Program Files (x86)\Windows Kits\10\Include\10.0.19041.0\shared\winerror.h(56396): message : see previous definition of 'DXGI_STATUS_MODE_CHANGE_IN_PROGRESS'
C:\Program Files (x86)\Microsoft DirectX SDK (June 2010)\Include\dxgitype.h(21,1): warning C4005: 'DXGI_ERROR_INVALID_CALL': macro redefinition
C:\Program Files (x86)\Windows Kits\10\Include\10.0.19041.0\shared\winerror.h(56411): message : see previous definition of 'DXGI_ERROR_INVALID_CALL'
C:\Program Files (x86)\Microsoft DirectX SDK (June 2010)\Include\dxgitype.h(22,1): warning C4005: 'DXGI_ERROR_NOT_FOUND': macro redefinition
C:\Program Files (x86)\Windows Kits\10\Include\10.0.19041.0\shared\winerror.h(56420): message : see previous definition of 'DXGI_ERROR_NOT_FOUND'
C:\Program Files (x86)\Microsoft DirectX SDK (June 2010)\Include\dxgitype.h(23,1): warning C4005: 'DXGI_ERROR_MORE_DATA': macro redefinition
C:\Program Files (x86)\Windows Kits\10\Include\10.0.19041.0\shared\winerror.h(56429): message : see previous definition of 'DXGI_ERROR_MORE_DATA'
C:\Program Files (x86)\Microsoft DirectX SDK (June 2010)\Include\dxgitype.h(24,1): warning C4005: 'DXGI_ERROR_UNSUPPORTED': macro redefinition
C:\Program Files (x86)\Windows Kits\10\Include\10.0.19041.0\shared\winerror.h(56438): message : see previous definition of 'DXGI_ERROR_UNSUPPORTED'
C:\Program Files (x86)\Microsoft DirectX SDK (June 2010)\Include\dxgitype.h(25,1): warning C4005: 'DXGI_ERROR_DEVICE_REMOVED': macro redefinition
C:\Program Files (x86)\Windows Kits\10\Include\10.0.19041.0\shared\winerror.h(56447): message : see previous definition of 'DXGI_ERROR_DEVICE_REMOVED'
C:\Program Files (x86)\Microsoft DirectX SDK (June 2010)\Include\dxgitype.h(26,1): warning C4005: 'DXGI_ERROR_DEVICE_HUNG': macro redefinition
C:\Program Files (x86)\Windows Kits\10\Include\10.0.19041.0\shared\winerror.h(56456): message : see previous definition of 'DXGI_ERROR_DEVICE_HUNG'
C:\Program Files (x86)\Microsoft DirectX SDK (June 2010)\Include\dxgitype.h(27,1): warning C4005: 'DXGI_ERROR_DEVICE_RESET': macro redefinition
C:\Program Files (x86)\Windows Kits\10\Include\10.0.19041.0\shared\winerror.h(56466): message : see previous definition of 'DXGI_ERROR_DEVICE_RESET'
C:\Program Files (x86)\Microsoft DirectX SDK (June 2010)\Include\dxgitype.h(28,1): warning C4005: 'DXGI_ERROR_WAS_STILL_DRAWING': macro redefinition
C:\Program Files (x86)\Windows Kits\10\Include\10.0.19041.0\shared\winerror.h(56475): message : see previous definition of 'DXGI_ERROR_WAS_STILL_DRAWING'
C:\Program Files (x86)\Microsoft DirectX SDK (June 2010)\Include\dxgitype.h(29,1): warning C4005: 'DXGI_ERROR_FRAME_STATISTICS_DISJOINT': macro redefinition
C:\Program Files (x86)\Windows Kits\10\Include\10.0.19041.0\shared\winerror.h(56485): message : see previous definition of 'DXGI_ERROR_FRAME_STATISTICS_DISJOINT'
C:\Program Files (x86)\Microsoft DirectX SDK (June 2010)\Include\dxgitype.h(30,1): warning C4005: 'DXGI_ERROR_GRAPHICS_VIDPN_SOURCE_IN_USE': macro redefinition
C:\Program Files (x86)\Windows Kits\10\Include\10.0.19041.0\shared\winerror.h(56494): message : see previous definition of 'DXGI_ERROR_GRAPHICS_VIDPN_SOURCE_IN_USE'
C:\Program Files (x86)\Microsoft DirectX SDK (June 2010)\Include\dxgitype.h(31,1): warning C4005: 'DXGI_ERROR_DRIVER_INTERNAL_ERROR': macro redefinition
C:\Program Files (x86)\Windows Kits\10\Include\10.0.19041.0\shared\winerror.h(56504): message : see previous definition of 'DXGI_ERROR_DRIVER_INTERNAL_ERROR'
C:\Program Files (x86)\Microsoft DirectX SDK (June 2010)\Include\dxgitype.h(32,1): warning C4005: 'DXGI_ERROR_NONEXCLUSIVE': macro redefinition
C:\Program Files (x86)\Windows Kits\10\Include\10.0.19041.0\shared\winerror.h(56513): message : see previous definition of 'DXGI_ERROR_NONEXCLUSIVE'
C:\Program Files (x86)\Microsoft DirectX SDK (June 2010)\Include\dxgitype.h(33,1): warning C4005: 'DXGI_ERROR_NOT_CURRENTLY_AVAILABLE': macro redefinition
C:\Program Files (x86)\Windows Kits\10\Include\10.0.19041.0\shared\winerror.h(56522): message : see previous definition of 'DXGI_ERROR_NOT_CURRENTLY_AVAILABLE'
C:\Program Files (x86)\Microsoft DirectX SDK (June 2010)\Include\dxgitype.h(34,1): warning C4005: 'DXGI_ERROR_REMOTE_CLIENT_DISCONNECTED': macro redefinition
C:\Program Files (x86)\Windows Kits\10\Include\10.0.19041.0\shared\winerror.h(56532): message : see previous definition of 'DXGI_ERROR_REMOTE_CLIENT_DISCONNECTED'
C:\Program Files (x86)\Microsoft DirectX SDK (June 2010)\Include\dxgitype.h(35,1): warning C4005: 'DXGI_ERROR_REMOTE_OUTOFMEMORY': macro redefinition
C:\Program Files (x86)\Windows Kits\10\Include\10.0.19041.0\shared\winerror.h(56541): message : see previous definition of 'DXGI_ERROR_REMOTE_OUTOFMEMORY'
C:\Program Files (x86)\Microsoft DirectX SDK (June 2010)\Include\d3d11.h(917,1): warning C4005: 'D3D11_ERROR_TOO_MANY_UNIQUE_STATE_OBJECTS': macro redefinition
C:\Program Files (x86)\Windows Kits\10\Include\10.0.19041.0\shared\winerror.h(56819): message : see previous definition of 'D3D11_ERROR_TOO_MANY_UNIQUE_STATE_OBJECTS'
C:\Program Files (x86)\Microsoft DirectX SDK (June 2010)\Include\d3d11.h(918,1): warning C4005: 'D3D11_ERROR_FILE_NOT_FOUND': macro redefinition
C:\Program Files (x86)\Windows Kits\10\Include\10.0.19041.0\shared\winerror.h(56828): message : see previous definition of 'D3D11_ERROR_FILE_NOT_FOUND'
C:\Program Files (x86)\Microsoft DirectX SDK (June 2010)\Include\d3d11.h(919,1): warning C4005: 'D3D11_ERROR_TOO_MANY_UNIQUE_VIEW_OBJECTS': macro redefinition
C:\Program Files (x86)\Windows Kits\10\Include\10.0.19041.0\shared\winerror.h(56838): message : see previous definition of 'D3D11_ERROR_TOO_MANY_UNIQUE_VIEW_OBJECTS'
C:\Program Files (x86)\Microsoft DirectX SDK (June 2010)\Include\d3d11.h(920,1): warning C4005: 'D3D11_ERROR_DEFERRED_CONTEXT_MAP_WITHOUT_INITIAL_DISCARD': macro redefinition
C:\Program Files (x86)\Windows Kits\10\Include\10.0.19041.0\shared\winerror.h(56847): message : see previous definition of 'D3D11_ERROR_DEFERRED_CONTEXT_MAP_WITHOUT_INITIAL_DISCARD'
C:\Program Files (x86)\Microsoft DirectX SDK (June 2010)\Include\d3d10.h(608,1): warning C4005: 'D3D10_ERROR_TOO_MANY_UNIQUE_STATE_OBJECTS': macro redefinition
C:\Program Files (x86)\Windows Kits\10\Include\10.0.19041.0\shared\winerror.h(56795): message : see previous definition of 'D3D10_ERROR_TOO_MANY_UNIQUE_STATE_OBJECTS'
C:\Program Files (x86)\Microsoft DirectX SDK (June 2010)\Include\d3d10.h(609,1): warning C4005: 'D3D10_ERROR_FILE_NOT_FOUND': macro redefinition
C:\Program Files (x86)\Windows Kits\10\Include\10.0.19041.0\shared\winerror.h(56804): message : see previous definition of 'D3D10_ERROR_FILE_NOT_FOUND'
D:\git\DA_EasyAuth_Licensing\Client\x64_client_gui\x64_client_gui\dotnet_ldr.cpp(112,42): warning C4267: '=': conversion from 'size_t' to 'ULONG', possible loss of data
  globals.cpp
C:\Program Files (x86)\Microsoft DirectX SDK (June 2010)\Include\dxgitype.h(12,1): warning C4005: 'DXGI_STATUS_OCCLUDED': macro redefinition
C:\Program Files (x86)\Windows Kits\10\Include\10.0.19041.0\shared\winerror.h(56342): message : see previous definition of 'DXGI_STATUS_OCCLUDED'
C:\Program Files (x86)\Microsoft DirectX SDK (June 2010)\Include\dxgitype.h(13,1): warning C4005: 'DXGI_STATUS_CLIPPED': macro redefinition
C:\Program Files (x86)\Windows Kits\10\Include\10.0.19041.0\shared\winerror.h(56351): message : see previous definition of 'DXGI_STATUS_CLIPPED'
C:\Program Files (x86)\Microsoft DirectX SDK (June 2010)\Include\dxgitype.h(14,1): warning C4005: 'DXGI_STATUS_NO_REDIRECTION': macro redefinition
C:\Program Files (x86)\Windows Kits\10\Include\10.0.19041.0\shared\winerror.h(56360): message : see previous definition of 'DXGI_STATUS_NO_REDIRECTION'
C:\Program Files (x86)\Microsoft DirectX SDK (June 2010)\Include\dxgitype.h(15,1): warning C4005: 'DXGI_STATUS_NO_DESKTOP_ACCESS': macro redefinition
C:\Program Files (x86)\Windows Kits\10\Include\10.0.19041.0\shared\winerror.h(56369): message : see previous definition of 'DXGI_STATUS_NO_DESKTOP_ACCESS'
C:\Program Files (x86)\Microsoft DirectX SDK (June 2010)\Include\dxgitype.h(16,1): warning C4005: 'DXGI_STATUS_GRAPHICS_VIDPN_SOURCE_IN_USE': macro redefinition
C:\Program Files (x86)\Windows Kits\10\Include\10.0.19041.0\shared\winerror.h(56378): message : see previous definition of 'DXGI_STATUS_GRAPHICS_VIDPN_SOURCE_IN_USE'
C:\Program Files (x86)\Microsoft DirectX SDK (June 2010)\Include\dxgitype.h(17,1): warning C4005: 'DXGI_STATUS_MODE_CHANGED': macro redefinition
C:\Program Files (x86)\Windows Kits\10\Include\10.0.19041.0\shared\winerror.h(56387): message : see previous definition of 'DXGI_STATUS_MODE_CHANGED'
C:\Program Files (x86)\Microsoft DirectX SDK (June 2010)\Include\dxgitype.h(18,1): warning C4005: 'DXGI_STATUS_MODE_CHANGE_IN_PROGRESS': macro redefinition
C:\Program Files (x86)\Windows Kits\10\Include\10.0.19041.0\shared\winerror.h(56396): message : see previous definition of 'DXGI_STATUS_MODE_CHANGE_IN_PROGRESS'
C:\Program Files (x86)\Microsoft DirectX SDK (June 2010)\Include\dxgitype.h(21,1): warning C4005: 'DXGI_ERROR_INVALID_CALL': macro redefinition
C:\Program Files (x86)\Windows Kits\10\Include\10.0.19041.0\shared\winerror.h(56411): message : see previous definition of 'DXGI_ERROR_INVALID_CALL'
C:\Program Files (x86)\Microsoft DirectX SDK (June 2010)\Include\dxgitype.h(22,1): warning C4005: 'DXGI_ERROR_NOT_FOUND': macro redefinition
C:\Program Files (x86)\Windows Kits\10\Include\10.0.19041.0\shared\winerror.h(56420): message : see previous definition of 'DXGI_ERROR_NOT_FOUND'
C:\Program Files (x86)\Microsoft DirectX SDK (June 2010)\Include\dxgitype.h(23,1): warning C4005: 'DXGI_ERROR_MORE_DATA': macro redefinition
C:\Program Files (x86)\Windows Kits\10\Include\10.0.19041.0\shared\winerror.h(56429): message : see previous definition of 'DXGI_ERROR_MORE_DATA'
C:\Program Files (x86)\Microsoft DirectX SDK (June 2010)\Include\dxgitype.h(24,1): warning C4005: 'DXGI_ERROR_UNSUPPORTED': macro redefinition
C:\Program Files (x86)\Windows Kits\10\Include\10.0.19041.0\shared\winerror.h(56438): message : see previous definition of 'DXGI_ERROR_UNSUPPORTED'
C:\Program Files (x86)\Microsoft DirectX SDK (June 2010)\Include\dxgitype.h(25,1): warning C4005: 'DXGI_ERROR_DEVICE_REMOVED': macro redefinition
C:\Program Files (x86)\Windows Kits\10\Include\10.0.19041.0\shared\winerror.h(56447): message : see previous definition of 'DXGI_ERROR_DEVICE_REMOVED'
C:\Program Files (x86)\Microsoft DirectX SDK (June 2010)\Include\dxgitype.h(26,1): warning C4005: 'DXGI_ERROR_DEVICE_HUNG': macro redefinition
C:\Program Files (x86)\Windows Kits\10\Include\10.0.19041.0\shared\winerror.h(56456): message : see previous definition of 'DXGI_ERROR_DEVICE_HUNG'
C:\Program Files (x86)\Microsoft DirectX SDK (June 2010)\Include\dxgitype.h(27,1): warning C4005: 'DXGI_ERROR_DEVICE_RESET': macro redefinition
C:\Program Files (x86)\Windows Kits\10\Include\10.0.19041.0\shared\winerror.h(56466): message : see previous definition of 'DXGI_ERROR_DEVICE_RESET'
C:\Program Files (x86)\Microsoft DirectX SDK (June 2010)\Include\dxgitype.h(28,1): warning C4005: 'DXGI_ERROR_WAS_STILL_DRAWING': macro redefinition
C:\Program Files (x86)\Windows Kits\10\Include\10.0.19041.0\shared\winerror.h(56475): message : see previous definition of 'DXGI_ERROR_WAS_STILL_DRAWING'
C:\Program Files (x86)\Microsoft DirectX SDK (June 2010)\Include\dxgitype.h(29,1): warning C4005: 'DXGI_ERROR_FRAME_STATISTICS_DISJOINT': macro redefinition
C:\Program Files (x86)\Windows Kits\10\Include\10.0.19041.0\shared\winerror.h(56485): message : see previous definition of 'DXGI_ERROR_FRAME_STATISTICS_DISJOINT'
C:\Program Files (x86)\Microsoft DirectX SDK (June 2010)\Include\dxgitype.h(30,1): warning C4005: 'DXGI_ERROR_GRAPHICS_VIDPN_SOURCE_IN_USE': macro redefinition
C:\Program Files (x86)\Windows Kits\10\Include\10.0.19041.0\shared\winerror.h(56494): message : see previous definition of 'DXGI_ERROR_GRAPHICS_VIDPN_SOURCE_IN_USE'
C:\Program Files (x86)\Microsoft DirectX SDK (June 2010)\Include\dxgitype.h(31,1): warning C4005: 'DXGI_ERROR_DRIVER_INTERNAL_ERROR': macro redefinition
C:\Program Files (x86)\Windows Kits\10\Include\10.0.19041.0\shared\winerror.h(56504): message : see previous definition of 'DXGI_ERROR_DRIVER_INTERNAL_ERROR'
C:\Program Files (x86)\Microsoft DirectX SDK (June 2010)\Include\dxgitype.h(32,1): warning C4005: 'DXGI_ERROR_NONEXCLUSIVE': macro redefinition
C:\Program Files (x86)\Windows Kits\10\Include\10.0.19041.0\shared\winerror.h(56513): message : see previous definition of 'DXGI_ERROR_NONEXCLUSIVE'
C:\Program Files (x86)\Microsoft DirectX SDK (June 2010)\Include\dxgitype.h(33,1): warning C4005: 'DXGI_ERROR_NOT_CURRENTLY_AVAILABLE': macro redefinition
C:\Program Files (x86)\Windows Kits\10\Include\10.0.19041.0\shared\winerror.h(56522): message : see previous definition of 'DXGI_ERROR_NOT_CURRENTLY_AVAILABLE'
C:\Program Files (x86)\Microsoft DirectX SDK (June 2010)\Include\dxgitype.h(34,1): warning C4005: 'DXGI_ERROR_REMOTE_CLIENT_DISCONNECTED': macro redefinition
C:\Program Files (x86)\Windows Kits\10\Include\10.0.19041.0\shared\winerror.h(56532): message : see previous definition of 'DXGI_ERROR_REMOTE_CLIENT_DISCONNECTED'
C:\Program Files (x86)\Microsoft DirectX SDK (June 2010)\Include\dxgitype.h(35,1): warning C4005: 'DXGI_ERROR_REMOTE_OUTOFMEMORY': macro redefinition
C:\Program Files (x86)\Windows Kits\10\Include\10.0.19041.0\shared\winerror.h(56541): message : see previous definition of 'DXGI_ERROR_REMOTE_OUTOFMEMORY'
C:\Program Files (x86)\Microsoft DirectX SDK (June 2010)\Include\d3d11.h(917,1): warning C4005: 'D3D11_ERROR_TOO_MANY_UNIQUE_STATE_OBJECTS': macro redefinition
C:\Program Files (x86)\Windows Kits\10\Include\10.0.19041.0\shared\winerror.h(56819): message : see previous definition of 'D3D11_ERROR_TOO_MANY_UNIQUE_STATE_OBJECTS'
C:\Program Files (x86)\Microsoft DirectX SDK (June 2010)\Include\d3d11.h(918,1): warning C4005: 'D3D11_ERROR_FILE_NOT_FOUND': macro redefinition
C:\Program Files (x86)\Windows Kits\10\Include\10.0.19041.0\shared\winerror.h(56828): message : see previous definition of 'D3D11_ERROR_FILE_NOT_FOUND'
C:\Program Files (x86)\Microsoft DirectX SDK (June 2010)\Include\d3d11.h(919,1): warning C4005: 'D3D11_ERROR_TOO_MANY_UNIQUE_VIEW_OBJECTS': macro redefinition
C:\Program Files (x86)\Windows Kits\10\Include\10.0.19041.0\shared\winerror.h(56838): message : see previous definition of 'D3D11_ERROR_TOO_MANY_UNIQUE_VIEW_OBJECTS'
C:\Program Files (x86)\Microsoft DirectX SDK (June 2010)\Include\d3d11.h(920,1): warning C4005: 'D3D11_ERROR_DEFERRED_CONTEXT_MAP_WITHOUT_INITIAL_DISCARD': macro redefinition
C:\Program Files (x86)\Windows Kits\10\Include\10.0.19041.0\shared\winerror.h(56847): message : see previous definition of 'D3D11_ERROR_DEFERRED_CONTEXT_MAP_WITHOUT_INITIAL_DISCARD'
C:\Program Files (x86)\Microsoft DirectX SDK (June 2010)\Include\d3d10.h(608,1): warning C4005: 'D3D10_ERROR_TOO_MANY_UNIQUE_STATE_OBJECTS': macro redefinition
C:\Program Files (x86)\Windows Kits\10\Include\10.0.19041.0\shared\winerror.h(56795): message : see previous definition of 'D3D10_ERROR_TOO_MANY_UNIQUE_STATE_OBJECTS'
C:\Program Files (x86)\Microsoft DirectX SDK (June 2010)\Include\d3d10.h(609,1): warning C4005: 'D3D10_ERROR_FILE_NOT_FOUND': macro redefinition
C:\Program Files (x86)\Windows Kits\10\Include\10.0.19041.0\shared\winerror.h(56804): message : see previous definition of 'D3D10_ERROR_FILE_NOT_FOUND'
  gui.cpp
C:\Program Files (x86)\Microsoft DirectX SDK (June 2010)\Include\dxgitype.h(12,1): warning C4005: 'DXGI_STATUS_OCCLUDED': macro redefinition
C:\Program Files (x86)\Windows Kits\10\Include\10.0.19041.0\shared\winerror.h(56342): message : see previous definition of 'DXGI_STATUS_OCCLUDED'
C:\Program Files (x86)\Microsoft DirectX SDK (June 2010)\Include\dxgitype.h(13,1): warning C4005: 'DXGI_STATUS_CLIPPED': macro redefinition
C:\Program Files (x86)\Windows Kits\10\Include\10.0.19041.0\shared\winerror.h(56351): message : see previous definition of 'DXGI_STATUS_CLIPPED'
C:\Program Files (x86)\Microsoft DirectX SDK (June 2010)\Include\dxgitype.h(14,1): warning C4005: 'DXGI_STATUS_NO_REDIRECTION': macro redefinition
C:\Program Files (x86)\Windows Kits\10\Include\10.0.19041.0\shared\winerror.h(56360): message : see previous definition of 'DXGI_STATUS_NO_REDIRECTION'
C:\Program Files (x86)\Microsoft DirectX SDK (June 2010)\Include\dxgitype.h(15,1): warning C4005: 'DXGI_STATUS_NO_DESKTOP_ACCESS': macro redefinition
C:\Program Files (x86)\Windows Kits\10\Include\10.0.19041.0\shared\winerror.h(56369): message : see previous definition of 'DXGI_STATUS_NO_DESKTOP_ACCESS'
C:\Program Files (x86)\Microsoft DirectX SDK (June 2010)\Include\dxgitype.h(16,1): warning C4005: 'DXGI_STATUS_GRAPHICS_VIDPN_SOURCE_IN_USE': macro redefinition
C:\Program Files (x86)\Windows Kits\10\Include\10.0.19041.0\shared\winerror.h(56378): message : see previous definition of 'DXGI_STATUS_GRAPHICS_VIDPN_SOURCE_IN_USE'
C:\Program Files (x86)\Microsoft DirectX SDK (June 2010)\Include\dxgitype.h(17,1): warning C4005: 'DXGI_STATUS_MODE_CHANGED': macro redefinition
C:\Program Files (x86)\Windows Kits\10\Include\10.0.19041.0\shared\winerror.h(56387): message : see previous definition of 'DXGI_STATUS_MODE_CHANGED'
C:\Program Files (x86)\Microsoft DirectX SDK (June 2010)\Include\dxgitype.h(18,1): warning C4005: 'DXGI_STATUS_MODE_CHANGE_IN_PROGRESS': macro redefinition
C:\Program Files (x86)\Windows Kits\10\Include\10.0.19041.0\shared\winerror.h(56396): message : see previous definition of 'DXGI_STATUS_MODE_CHANGE_IN_PROGRESS'
C:\Program Files (x86)\Microsoft DirectX SDK (June 2010)\Include\dxgitype.h(21,1): warning C4005: 'DXGI_ERROR_INVALID_CALL': macro redefinition
C:\Program Files (x86)\Windows Kits\10\Include\10.0.19041.0\shared\winerror.h(56411): message : see previous definition of 'DXGI_ERROR_INVALID_CALL'
C:\Program Files (x86)\Microsoft DirectX SDK (June 2010)\Include\dxgitype.h(22,1): warning C4005: 'DXGI_ERROR_NOT_FOUND': macro redefinition
C:\Program Files (x86)\Windows Kits\10\Include\10.0.19041.0\shared\winerror.h(56420): message : see previous definition of 'DXGI_ERROR_NOT_FOUND'
C:\Program Files (x86)\Microsoft DirectX SDK (June 2010)\Include\dxgitype.h(23,1): warning C4005: 'DXGI_ERROR_MORE_DATA': macro redefinition
C:\Program Files (x86)\Windows Kits\10\Include\10.0.19041.0\shared\winerror.h(56429): message : see previous definition of 'DXGI_ERROR_MORE_DATA'
C:\Program Files (x86)\Microsoft DirectX SDK (June 2010)\Include\dxgitype.h(24,1): warning C4005: 'DXGI_ERROR_UNSUPPORTED': macro redefinition
C:\Program Files (x86)\Windows Kits\10\Include\10.0.19041.0\shared\winerror.h(56438): message : see previous definition of 'DXGI_ERROR_UNSUPPORTED'
C:\Program Files (x86)\Microsoft DirectX SDK (June 2010)\Include\dxgitype.h(25,1): warning C4005: 'DXGI_ERROR_DEVICE_REMOVED': macro redefinition
C:\Program Files (x86)\Windows Kits\10\Include\10.0.19041.0\shared\winerror.h(56447): message : see previous definition of 'DXGI_ERROR_DEVICE_REMOVED'
C:\Program Files (x86)\Microsoft DirectX SDK (June 2010)\Include\dxgitype.h(26,1): warning C4005: 'DXGI_ERROR_DEVICE_HUNG': macro redefinition
C:\Program Files (x86)\Windows Kits\10\Include\10.0.19041.0\shared\winerror.h(56456): message : see previous definition of 'DXGI_ERROR_DEVICE_HUNG'
C:\Program Files (x86)\Microsoft DirectX SDK (June 2010)\Include\dxgitype.h(27,1): warning C4005: 'DXGI_ERROR_DEVICE_RESET': macro redefinition
C:\Program Files (x86)\Windows Kits\10\Include\10.0.19041.0\shared\winerror.h(56466): message : see previous definition of 'DXGI_ERROR_DEVICE_RESET'
C:\Program Files (x86)\Microsoft DirectX SDK (June 2010)\Include\dxgitype.h(28,1): warning C4005: 'DXGI_ERROR_WAS_STILL_DRAWING': macro redefinition
C:\Program Files (x86)\Windows Kits\10\Include\10.0.19041.0\shared\winerror.h(56475): message : see previous definition of 'DXGI_ERROR_WAS_STILL_DRAWING'
C:\Program Files (x86)\Microsoft DirectX SDK (June 2010)\Include\dxgitype.h(29,1): warning C4005: 'DXGI_ERROR_FRAME_STATISTICS_DISJOINT': macro redefinition
C:\Program Files (x86)\Windows Kits\10\Include\10.0.19041.0\shared\winerror.h(56485): message : see previous definition of 'DXGI_ERROR_FRAME_STATISTICS_DISJOINT'
C:\Program Files (x86)\Microsoft DirectX SDK (June 2010)\Include\dxgitype.h(30,1): warning C4005: 'DXGI_ERROR_GRAPHICS_VIDPN_SOURCE_IN_USE': macro redefinition
C:\Program Files (x86)\Windows Kits\10\Include\10.0.19041.0\shared\winerror.h(56494): message : see previous definition of 'DXGI_ERROR_GRAPHICS_VIDPN_SOURCE_IN_USE'
C:\Program Files (x86)\Microsoft DirectX SDK (June 2010)\Include\dxgitype.h(31,1): warning C4005: 'DXGI_ERROR_DRIVER_INTERNAL_ERROR': macro redefinition
C:\Program Files (x86)\Windows Kits\10\Include\10.0.19041.0\shared\winerror.h(56504): message : see previous definition of 'DXGI_ERROR_DRIVER_INTERNAL_ERROR'
C:\Program Files (x86)\Microsoft DirectX SDK (June 2010)\Include\dxgitype.h(32,1): warning C4005: 'DXGI_ERROR_NONEXCLUSIVE': macro redefinition
C:\Program Files (x86)\Windows Kits\10\Include\10.0.19041.0\shared\winerror.h(56513): message : see previous definition of 'DXGI_ERROR_NONEXCLUSIVE'
C:\Program Files (x86)\Microsoft DirectX SDK (June 2010)\Include\dxgitype.h(33,1): warning C4005: 'DXGI_ERROR_NOT_CURRENTLY_AVAILABLE': macro redefinition
C:\Program Files (x86)\Windows Kits\10\Include\10.0.19041.0\shared\winerror.h(56522): message : see previous definition of 'DXGI_ERROR_NOT_CURRENTLY_AVAILABLE'
C:\Program Files (x86)\Microsoft DirectX SDK (June 2010)\Include\dxgitype.h(34,1): warning C4005: 'DXGI_ERROR_REMOTE_CLIENT_DISCONNECTED': macro redefinition
C:\Program Files (x86)\Windows Kits\10\Include\10.0.19041.0\shared\winerror.h(56532): message : see previous definition of 'DXGI_ERROR_REMOTE_CLIENT_DISCONNECTED'
C:\Program Files (x86)\Microsoft DirectX SDK (June 2010)\Include\dxgitype.h(35,1): warning C4005: 'DXGI_ERROR_REMOTE_OUTOFMEMORY': macro redefinition
C:\Program Files (x86)\Windows Kits\10\Include\10.0.19041.0\shared\winerror.h(56541): message : see previous definition of 'DXGI_ERROR_REMOTE_OUTOFMEMORY'
C:\Program Files (x86)\Microsoft DirectX SDK (June 2010)\Include\d3d11.h(917,1): warning C4005: 'D3D11_ERROR_TOO_MANY_UNIQUE_STATE_OBJECTS': macro redefinition
C:\Program Files (x86)\Windows Kits\10\Include\10.0.19041.0\shared\winerror.h(56819): message : see previous definition of 'D3D11_ERROR_TOO_MANY_UNIQUE_STATE_OBJECTS'
C:\Program Files (x86)\Microsoft DirectX SDK (June 2010)\Include\d3d11.h(918,1): warning C4005: 'D3D11_ERROR_FILE_NOT_FOUND': macro redefinition
C:\Program Files (x86)\Windows Kits\10\Include\10.0.19041.0\shared\winerror.h(56828): message : see previous definition of 'D3D11_ERROR_FILE_NOT_FOUND'
C:\Program Files (x86)\Microsoft DirectX SDK (June 2010)\Include\d3d11.h(919,1): warning C4005: 'D3D11_ERROR_TOO_MANY_UNIQUE_VIEW_OBJECTS': macro redefinition
C:\Program Files (x86)\Windows Kits\10\Include\10.0.19041.0\shared\winerror.h(56838): message : see previous definition of 'D3D11_ERROR_TOO_MANY_UNIQUE_VIEW_OBJECTS'
C:\Program Files (x86)\Microsoft DirectX SDK (June 2010)\Include\d3d11.h(920,1): warning C4005: 'D3D11_ERROR_DEFERRED_CONTEXT_MAP_WITHOUT_INITIAL_DISCARD': macro redefinition
C:\Program Files (x86)\Windows Kits\10\Include\10.0.19041.0\shared\winerror.h(56847): message : see previous definition of 'D3D11_ERROR_DEFERRED_CONTEXT_MAP_WITHOUT_INITIAL_DISCARD'
C:\Program Files (x86)\Microsoft DirectX SDK (June 2010)\Include\d3d10.h(608,1): warning C4005: 'D3D10_ERROR_TOO_MANY_UNIQUE_STATE_OBJECTS': macro redefinition
C:\Program Files (x86)\Windows Kits\10\Include\10.0.19041.0\shared\winerror.h(56795): message : see previous definition of 'D3D10_ERROR_TOO_MANY_UNIQUE_STATE_OBJECTS'
C:\Program Files (x86)\Microsoft DirectX SDK (June 2010)\Include\d3d10.h(609,1): warning C4005: 'D3D10_ERROR_FILE_NOT_FOUND': macro redefinition
C:\Program Files (x86)\Windows Kits\10\Include\10.0.19041.0\shared\winerror.h(56804): message : see previous definition of 'D3D10_ERROR_FILE_NOT_FOUND'
  imgui.cpp
  imgui_demo.cpp
  imgui_draw.cpp
  imgui_impl_dx11.cpp
C:\Program Files (x86)\Microsoft DirectX SDK (June 2010)\Include\dxgitype.h(12,1): warning C4005: 'DXGI_STATUS_OCCLUDED': macro redefinition
C:\Program Files (x86)\Windows Kits\10\Include\10.0.19041.0\shared\winerror.h(56342): message : see previous definition of 'DXGI_STATUS_OCCLUDED'
C:\Program Files (x86)\Microsoft DirectX SDK (June 2010)\Include\dxgitype.h(13,1): warning C4005: 'DXGI_STATUS_CLIPPED': macro redefinition
C:\Program Files (x86)\Windows Kits\10\Include\10.0.19041.0\shared\winerror.h(56351): message : see previous definition of 'DXGI_STATUS_CLIPPED'
C:\Program Files (x86)\Microsoft DirectX SDK (June 2010)\Include\dxgitype.h(14,1): warning C4005: 'DXGI_STATUS_NO_REDIRECTION': macro redefinition
C:\Program Files (x86)\Windows Kits\10\Include\10.0.19041.0\shared\winerror.h(56360): message : see previous definition of 'DXGI_STATUS_NO_REDIRECTION'
C:\Program Files (x86)\Microsoft DirectX SDK (June 2010)\Include\dxgitype.h(15,1): warning C4005: 'DXGI_STATUS_NO_DESKTOP_ACCESS': macro redefinition
C:\Program Files (x86)\Windows Kits\10\Include\10.0.19041.0\shared\winerror.h(56369): message : see previous definition of 'DXGI_STATUS_NO_DESKTOP_ACCESS'
C:\Program Files (x86)\Microsoft DirectX SDK (June 2010)\Include\dxgitype.h(16,1): warning C4005: 'DXGI_STATUS_GRAPHICS_VIDPN_SOURCE_IN_USE': macro redefinition
C:\Program Files (x86)\Windows Kits\10\Include\10.0.19041.0\shared\winerror.h(56378): message : see previous definition of 'DXGI_STATUS_GRAPHICS_VIDPN_SOURCE_IN_USE'
C:\Program Files (x86)\Microsoft DirectX SDK (June 2010)\Include\dxgitype.h(17,1): warning C4005: 'DXGI_STATUS_MODE_CHANGED': macro redefinition
C:\Program Files (x86)\Windows Kits\10\Include\10.0.19041.0\shared\winerror.h(56387): message : see previous definition of 'DXGI_STATUS_MODE_CHANGED'
C:\Program Files (x86)\Microsoft DirectX SDK (June 2010)\Include\dxgitype.h(18,1): warning C4005: 'DXGI_STATUS_MODE_CHANGE_IN_PROGRESS': macro redefinition
C:\Program Files (x86)\Windows Kits\10\Include\10.0.19041.0\shared\winerror.h(56396): message : see previous definition of 'DXGI_STATUS_MODE_CHANGE_IN_PROGRESS'
C:\Program Files (x86)\Microsoft DirectX SDK (June 2010)\Include\dxgitype.h(21,1): warning C4005: 'DXGI_ERROR_INVALID_CALL': macro redefinition
C:\Program Files (x86)\Windows Kits\10\Include\10.0.19041.0\shared\winerror.h(56411): message : see previous definition of 'DXGI_ERROR_INVALID_CALL'
C:\Program Files (x86)\Microsoft DirectX SDK (June 2010)\Include\dxgitype.h(22,1): warning C4005: 'DXGI_ERROR_NOT_FOUND': macro redefinition
C:\Program Files (x86)\Windows Kits\10\Include\10.0.19041.0\shared\winerror.h(56420): message : see previous definition of 'DXGI_ERROR_NOT_FOUND'
C:\Program Files (x86)\Microsoft DirectX SDK (June 2010)\Include\dxgitype.h(23,1): warning C4005: 'DXGI_ERROR_MORE_DATA': macro redefinition
C:\Program Files (x86)\Windows Kits\10\Include\10.0.19041.0\shared\winerror.h(56429): message : see previous definition of 'DXGI_ERROR_MORE_DATA'
C:\Program Files (x86)\Microsoft DirectX SDK (June 2010)\Include\dxgitype.h(24,1): warning C4005: 'DXGI_ERROR_UNSUPPORTED': macro redefinition
C:\Program Files (x86)\Windows Kits\10\Include\10.0.19041.0\shared\winerror.h(56438): message : see previous definition of 'DXGI_ERROR_UNSUPPORTED'
C:\Program Files (x86)\Microsoft DirectX SDK (June 2010)\Include\dxgitype.h(25,1): warning C4005: 'DXGI_ERROR_DEVICE_REMOVED': macro redefinition
C:\Program Files (x86)\Windows Kits\10\Include\10.0.19041.0\shared\winerror.h(56447): message : see previous definition of 'DXGI_ERROR_DEVICE_REMOVED'
C:\Program Files (x86)\Microsoft DirectX SDK (June 2010)\Include\dxgitype.h(26,1): warning C4005: 'DXGI_ERROR_DEVICE_HUNG': macro redefinition
C:\Program Files (x86)\Windows Kits\10\Include\10.0.19041.0\shared\winerror.h(56456): message : see previous definition of 'DXGI_ERROR_DEVICE_HUNG'
C:\Program Files (x86)\Microsoft DirectX SDK (June 2010)\Include\dxgitype.h(27,1): warning C4005: 'DXGI_ERROR_DEVICE_RESET': macro redefinition
C:\Program Files (x86)\Windows Kits\10\Include\10.0.19041.0\shared\winerror.h(56466): message : see previous definition of 'DXGI_ERROR_DEVICE_RESET'
C:\Program Files (x86)\Microsoft DirectX SDK (June 2010)\Include\dxgitype.h(28,1): warning C4005: 'DXGI_ERROR_WAS_STILL_DRAWING': macro redefinition
C:\Program Files (x86)\Windows Kits\10\Include\10.0.19041.0\shared\winerror.h(56475): message : see previous definition of 'DXGI_ERROR_WAS_STILL_DRAWING'
C:\Program Files (x86)\Microsoft DirectX SDK (June 2010)\Include\dxgitype.h(29,1): warning C4005: 'DXGI_ERROR_FRAME_STATISTICS_DISJOINT': macro redefinition
C:\Program Files (x86)\Windows Kits\10\Include\10.0.19041.0\shared\winerror.h(56485): message : see previous definition of 'DXGI_ERROR_FRAME_STATISTICS_DISJOINT'
C:\Program Files (x86)\Microsoft DirectX SDK (June 2010)\Include\dxgitype.h(30,1): warning C4005: 'DXGI_ERROR_GRAPHICS_VIDPN_SOURCE_IN_USE': macro redefinition
C:\Program Files (x86)\Windows Kits\10\Include\10.0.19041.0\shared\winerror.h(56494): message : see previous definition of 'DXGI_ERROR_GRAPHICS_VIDPN_SOURCE_IN_USE'
C:\Program Files (x86)\Microsoft DirectX SDK (June 2010)\Include\dxgitype.h(31,1): warning C4005: 'DXGI_ERROR_DRIVER_INTERNAL_ERROR': macro redefinition
C:\Program Files (x86)\Windows Kits\10\Include\10.0.19041.0\shared\winerror.h(56504): message : see previous definition of 'DXGI_ERROR_DRIVER_INTERNAL_ERROR'
C:\Program Files (x86)\Microsoft DirectX SDK (June 2010)\Include\dxgitype.h(32,1): warning C4005: 'DXGI_ERROR_NONEXCLUSIVE': macro redefinition
C:\Program Files (x86)\Windows Kits\10\Include\10.0.19041.0\shared\winerror.h(56513): message : see previous definition of 'DXGI_ERROR_NONEXCLUSIVE'
C:\Program Files (x86)\Microsoft DirectX SDK (June 2010)\Include\dxgitype.h(33,1): warning C4005: 'DXGI_ERROR_NOT_CURRENTLY_AVAILABLE': macro redefinition
C:\Program Files (x86)\Windows Kits\10\Include\10.0.19041.0\shared\winerror.h(56522): message : see previous definition of 'DXGI_ERROR_NOT_CURRENTLY_AVAILABLE'
C:\Program Files (x86)\Microsoft DirectX SDK (June 2010)\Include\dxgitype.h(34,1): warning C4005: 'DXGI_ERROR_REMOTE_CLIENT_DISCONNECTED': macro redefinition
C:\Program Files (x86)\Windows Kits\10\Include\10.0.19041.0\shared\winerror.h(56532): message : see previous definition of 'DXGI_ERROR_REMOTE_CLIENT_DISCONNECTED'
C:\Program Files (x86)\Microsoft DirectX SDK (June 2010)\Include\dxgitype.h(35,1): warning C4005: 'DXGI_ERROR_REMOTE_OUTOFMEMORY': macro redefinition
C:\Program Files (x86)\Windows Kits\10\Include\10.0.19041.0\shared\winerror.h(56541): message : see previous definition of 'DXGI_ERROR_REMOTE_OUTOFMEMORY'
C:\Program Files (x86)\Microsoft DirectX SDK (June 2010)\Include\d3d11.h(917,1): warning C4005: 'D3D11_ERROR_TOO_MANY_UNIQUE_STATE_OBJECTS': macro redefinition
C:\Program Files (x86)\Windows Kits\10\Include\10.0.19041.0\shared\winerror.h(56819): message : see previous definition of 'D3D11_ERROR_TOO_MANY_UNIQUE_STATE_OBJECTS'
C:\Program Files (x86)\Microsoft DirectX SDK (June 2010)\Include\d3d11.h(918,1): warning C4005: 'D3D11_ERROR_FILE_NOT_FOUND': macro redefinition
C:\Program Files (x86)\Windows Kits\10\Include\10.0.19041.0\shared\winerror.h(56828): message : see previous definition of 'D3D11_ERROR_FILE_NOT_FOUND'
C:\Program Files (x86)\Microsoft DirectX SDK (June 2010)\Include\d3d11.h(919,1): warning C4005: 'D3D11_ERROR_TOO_MANY_UNIQUE_VIEW_OBJECTS': macro redefinition
C:\Program Files (x86)\Windows Kits\10\Include\10.0.19041.0\shared\winerror.h(56838): message : see previous definition of 'D3D11_ERROR_TOO_MANY_UNIQUE_VIEW_OBJECTS'
C:\Program Files (x86)\Microsoft DirectX SDK (June 2010)\Include\d3d11.h(920,1): warning C4005: 'D3D11_ERROR_DEFERRED_CONTEXT_MAP_WITHOUT_INITIAL_DISCARD': macro redefinition
C:\Program Files (x86)\Windows Kits\10\Include\10.0.19041.0\shared\winerror.h(56847): message : see previous definition of 'D3D11_ERROR_DEFERRED_CONTEXT_MAP_WITHOUT_INITIAL_DISCARD'
C:\Program Files (x86)\Microsoft DirectX SDK (June 2010)\Include\d3d10.h(608,1): warning C4005: 'D3D10_ERROR_TOO_MANY_UNIQUE_STATE_OBJECTS': macro redefinition
C:\Program Files (x86)\Windows Kits\10\Include\10.0.19041.0\shared\winerror.h(56795): message : see previous definition of 'D3D10_ERROR_TOO_MANY_UNIQUE_STATE_OBJECTS'
C:\Program Files (x86)\Microsoft DirectX SDK (June 2010)\Include\d3d10.h(609,1): warning C4005: 'D3D10_ERROR_FILE_NOT_FOUND': macro redefinition
C:\Program Files (x86)\Windows Kits\10\Include\10.0.19041.0\shared\winerror.h(56804): message : see previous definition of 'D3D10_ERROR_FILE_NOT_FOUND'
  imgui_impl_win32.cpp
  imgui_tables.cpp
  imgui_widgets.cpp
  loader.cpp
C:\Program Files (x86)\Microsoft DirectX SDK (June 2010)\Include\dxgitype.h(12,1): warning C4005: 'DXGI_STATUS_OCCLUDED': macro redefinition
C:\Program Files (x86)\Windows Kits\10\Include\10.0.19041.0\shared\winerror.h(56342): message : see previous definition of 'DXGI_STATUS_OCCLUDED'
C:\Program Files (x86)\Microsoft DirectX SDK (June 2010)\Include\dxgitype.h(13,1): warning C4005: 'DXGI_STATUS_CLIPPED': macro redefinition
C:\Program Files (x86)\Windows Kits\10\Include\10.0.19041.0\shared\winerror.h(56351): message : see previous definition of 'DXGI_STATUS_CLIPPED'
C:\Program Files (x86)\Microsoft DirectX SDK (June 2010)\Include\dxgitype.h(14,1): warning C4005: 'DXGI_STATUS_NO_REDIRECTION': macro redefinition
C:\Program Files (x86)\Windows Kits\10\Include\10.0.19041.0\shared\winerror.h(56360): message : see previous definition of 'DXGI_STATUS_NO_REDIRECTION'
C:\Program Files (x86)\Microsoft DirectX SDK (June 2010)\Include\dxgitype.h(15,1): warning C4005: 'DXGI_STATUS_NO_DESKTOP_ACCESS': macro redefinition
C:\Program Files (x86)\Windows Kits\10\Include\10.0.19041.0\shared\winerror.h(56369): message : see previous definition of 'DXGI_STATUS_NO_DESKTOP_ACCESS'
C:\Program Files (x86)\Microsoft DirectX SDK (June 2010)\Include\dxgitype.h(16,1): warning C4005: 'DXGI_STATUS_GRAPHICS_VIDPN_SOURCE_IN_USE': macro redefinition
C:\Program Files (x86)\Windows Kits\10\Include\10.0.19041.0\shared\winerror.h(56378): message : see previous definition of 'DXGI_STATUS_GRAPHICS_VIDPN_SOURCE_IN_USE'
C:\Program Files (x86)\Microsoft DirectX SDK (June 2010)\Include\dxgitype.h(17,1): warning C4005: 'DXGI_STATUS_MODE_CHANGED': macro redefinition
C:\Program Files (x86)\Windows Kits\10\Include\10.0.19041.0\shared\winerror.h(56387): message : see previous definition of 'DXGI_STATUS_MODE_CHANGED'
C:\Program Files (x86)\Microsoft DirectX SDK (June 2010)\Include\dxgitype.h(18,1): warning C4005: 'DXGI_STATUS_MODE_CHANGE_IN_PROGRESS': macro redefinition
C:\Program Files (x86)\Windows Kits\10\Include\10.0.19041.0\shared\winerror.h(56396): message : see previous definition of 'DXGI_STATUS_MODE_CHANGE_IN_PROGRESS'
C:\Program Files (x86)\Microsoft DirectX SDK (June 2010)\Include\dxgitype.h(21,1): warning C4005: 'DXGI_ERROR_INVALID_CALL': macro redefinition
C:\Program Files (x86)\Windows Kits\10\Include\10.0.19041.0\shared\winerror.h(56411): message : see previous definition of 'DXGI_ERROR_INVALID_CALL'
C:\Program Files (x86)\Microsoft DirectX SDK (June 2010)\Include\dxgitype.h(22,1): warning C4005: 'DXGI_ERROR_NOT_FOUND': macro redefinition
C:\Program Files (x86)\Windows Kits\10\Include\10.0.19041.0\shared\winerror.h(56420): message : see previous definition of 'DXGI_ERROR_NOT_FOUND'
C:\Program Files (x86)\Microsoft DirectX SDK (June 2010)\Include\dxgitype.h(23,1): warning C4005: 'DXGI_ERROR_MORE_DATA': macro redefinition
C:\Program Files (x86)\Windows Kits\10\Include\10.0.19041.0\shared\winerror.h(56429): message : see previous definition of 'DXGI_ERROR_MORE_DATA'
C:\Program Files (x86)\Microsoft DirectX SDK (June 2010)\Include\dxgitype.h(24,1): warning C4005: 'DXGI_ERROR_UNSUPPORTED': macro redefinition
C:\Program Files (x86)\Windows Kits\10\Include\10.0.19041.0\shared\winerror.h(56438): message : see previous definition of 'DXGI_ERROR_UNSUPPORTED'
C:\Program Files (x86)\Microsoft DirectX SDK (June 2010)\Include\dxgitype.h(25,1): warning C4005: 'DXGI_ERROR_DEVICE_REMOVED': macro redefinition
C:\Program Files (x86)\Windows Kits\10\Include\10.0.19041.0\shared\winerror.h(56447): message : see previous definition of 'DXGI_ERROR_DEVICE_REMOVED'
C:\Program Files (x86)\Microsoft DirectX SDK (June 2010)\Include\dxgitype.h(26,1): warning C4005: 'DXGI_ERROR_DEVICE_HUNG': macro redefinition
C:\Program Files (x86)\Windows Kits\10\Include\10.0.19041.0\shared\winerror.h(56456): message : see previous definition of 'DXGI_ERROR_DEVICE_HUNG'
C:\Program Files (x86)\Microsoft DirectX SDK (June 2010)\Include\dxgitype.h(27,1): warning C4005: 'DXGI_ERROR_DEVICE_RESET': macro redefinition
C:\Program Files (x86)\Windows Kits\10\Include\10.0.19041.0\shared\winerror.h(56466): message : see previous definition of 'DXGI_ERROR_DEVICE_RESET'
C:\Program Files (x86)\Microsoft DirectX SDK (June 2010)\Include\dxgitype.h(28,1): warning C4005: 'DXGI_ERROR_WAS_STILL_DRAWING': macro redefinition
C:\Program Files (x86)\Windows Kits\10\Include\10.0.19041.0\shared\winerror.h(56475): message : see previous definition of 'DXGI_ERROR_WAS_STILL_DRAWING'
C:\Program Files (x86)\Microsoft DirectX SDK (June 2010)\Include\dxgitype.h(29,1): warning C4005: 'DXGI_ERROR_FRAME_STATISTICS_DISJOINT': macro redefinition
C:\Program Files (x86)\Windows Kits\10\Include\10.0.19041.0\shared\winerror.h(56485): message : see previous definition of 'DXGI_ERROR_FRAME_STATISTICS_DISJOINT'
C:\Program Files (x86)\Microsoft DirectX SDK (June 2010)\Include\dxgitype.h(30,1): warning C4005: 'DXGI_ERROR_GRAPHICS_VIDPN_SOURCE_IN_USE': macro redefinition
C:\Program Files (x86)\Windows Kits\10\Include\10.0.19041.0\shared\winerror.h(56494): message : see previous definition of 'DXGI_ERROR_GRAPHICS_VIDPN_SOURCE_IN_USE'
C:\Program Files (x86)\Microsoft DirectX SDK (June 2010)\Include\dxgitype.h(31,1): warning C4005: 'DXGI_ERROR_DRIVER_INTERNAL_ERROR': macro redefinition
C:\Program Files (x86)\Windows Kits\10\Include\10.0.19041.0\shared\winerror.h(56504): message : see previous definition of 'DXGI_ERROR_DRIVER_INTERNAL_ERROR'
C:\Program Files (x86)\Microsoft DirectX SDK (June 2010)\Include\dxgitype.h(32,1): warning C4005: 'DXGI_ERROR_NONEXCLUSIVE': macro redefinition
C:\Program Files (x86)\Windows Kits\10\Include\10.0.19041.0\shared\winerror.h(56513): message : see previous definition of 'DXGI_ERROR_NONEXCLUSIVE'
C:\Program Files (x86)\Microsoft DirectX SDK (June 2010)\Include\dxgitype.h(33,1): warning C4005: 'DXGI_ERROR_NOT_CURRENTLY_AVAILABLE': macro redefinition
C:\Program Files (x86)\Windows Kits\10\Include\10.0.19041.0\shared\winerror.h(56522): message : see previous definition of 'DXGI_ERROR_NOT_CURRENTLY_AVAILABLE'
C:\Program Files (x86)\Microsoft DirectX SDK (June 2010)\Include\dxgitype.h(34,1): warning C4005: 'DXGI_ERROR_REMOTE_CLIENT_DISCONNECTED': macro redefinition
C:\Program Files (x86)\Windows Kits\10\Include\10.0.19041.0\shared\winerror.h(56532): message : see previous definition of 'DXGI_ERROR_REMOTE_CLIENT_DISCONNECTED'
C:\Program Files (x86)\Microsoft DirectX SDK (June 2010)\Include\dxgitype.h(35,1): warning C4005: 'DXGI_ERROR_REMOTE_OUTOFMEMORY': macro redefinition
C:\Program Files (x86)\Windows Kits\10\Include\10.0.19041.0\shared\winerror.h(56541): message : see previous definition of 'DXGI_ERROR_REMOTE_OUTOFMEMORY'
C:\Program Files (x86)\Microsoft DirectX SDK (June 2010)\Include\d3d11.h(917,1): warning C4005: 'D3D11_ERROR_TOO_MANY_UNIQUE_STATE_OBJECTS': macro redefinition
C:\Program Files (x86)\Windows Kits\10\Include\10.0.19041.0\shared\winerror.h(56819): message : see previous definition of 'D3D11_ERROR_TOO_MANY_UNIQUE_STATE_OBJECTS'
C:\Program Files (x86)\Microsoft DirectX SDK (June 2010)\Include\d3d11.h(918,1): warning C4005: 'D3D11_ERROR_FILE_NOT_FOUND': macro redefinition
C:\Program Files (x86)\Windows Kits\10\Include\10.0.19041.0\shared\winerror.h(56828): message : see previous definition of 'D3D11_ERROR_FILE_NOT_FOUND'
C:\Program Files (x86)\Microsoft DirectX SDK (June 2010)\Include\d3d11.h(919,1): warning C4005: 'D3D11_ERROR_TOO_MANY_UNIQUE_VIEW_OBJECTS': macro redefinition
C:\Program Files (x86)\Windows Kits\10\Include\10.0.19041.0\shared\winerror.h(56838): message : see previous definition of 'D3D11_ERROR_TOO_MANY_UNIQUE_VIEW_OBJECTS'
C:\Program Files (x86)\Microsoft DirectX SDK (June 2010)\Include\d3d11.h(920,1): warning C4005: 'D3D11_ERROR_DEFERRED_CONTEXT_MAP_WITHOUT_INITIAL_DISCARD': macro redefinition
C:\Program Files (x86)\Windows Kits\10\Include\10.0.19041.0\shared\winerror.h(56847): message : see previous definition of 'D3D11_ERROR_DEFERRED_CONTEXT_MAP_WITHOUT_INITIAL_DISCARD'
C:\Program Files (x86)\Microsoft DirectX SDK (June 2010)\Include\d3d10.h(608,1): warning C4005: 'D3D10_ERROR_TOO_MANY_UNIQUE_STATE_OBJECTS': macro redefinition
C:\Program Files (x86)\Windows Kits\10\Include\10.0.19041.0\shared\winerror.h(56795): message : see previous definition of 'D3D10_ERROR_TOO_MANY_UNIQUE_STATE_OBJECTS'
C:\Program Files (x86)\Microsoft DirectX SDK (June 2010)\Include\d3d10.h(609,1): warning C4005: 'D3D10_ERROR_FILE_NOT_FOUND': macro redefinition
C:\Program Files (x86)\Windows Kits\10\Include\10.0.19041.0\shared\winerror.h(56804): message : see previous definition of 'D3D10_ERROR_FILE_NOT_FOUND'
  native_ldr.cpp
C:\Program Files (x86)\Microsoft DirectX SDK (June 2010)\Include\dxgitype.h(12,1): warning C4005: 'DXGI_STATUS_OCCLUDED': macro redefinition
C:\Program Files (x86)\Windows Kits\10\Include\10.0.19041.0\shared\winerror.h(56342): message : see previous definition of 'DXGI_STATUS_OCCLUDED'
C:\Program Files (x86)\Microsoft DirectX SDK (June 2010)\Include\dxgitype.h(13,1): warning C4005: 'DXGI_STATUS_CLIPPED': macro redefinition
C:\Program Files (x86)\Windows Kits\10\Include\10.0.19041.0\shared\winerror.h(56351): message : see previous definition of 'DXGI_STATUS_CLIPPED'
C:\Program Files (x86)\Microsoft DirectX SDK (June 2010)\Include\dxgitype.h(14,1): warning C4005: 'DXGI_STATUS_NO_REDIRECTION': macro redefinition
C:\Program Files (x86)\Windows Kits\10\Include\10.0.19041.0\shared\winerror.h(56360): message : see previous definition of 'DXGI_STATUS_NO_REDIRECTION'
C:\Program Files (x86)\Microsoft DirectX SDK (June 2010)\Include\dxgitype.h(15,1): warning C4005: 'DXGI_STATUS_NO_DESKTOP_ACCESS': macro redefinition
C:\Program Files (x86)\Windows Kits\10\Include\10.0.19041.0\shared\winerror.h(56369): message : see previous definition of 'DXGI_STATUS_NO_DESKTOP_ACCESS'
C:\Program Files (x86)\Microsoft DirectX SDK (June 2010)\Include\dxgitype.h(16,1): warning C4005: 'DXGI_STATUS_GRAPHICS_VIDPN_SOURCE_IN_USE': macro redefinition
C:\Program Files (x86)\Windows Kits\10\Include\10.0.19041.0\shared\winerror.h(56378): message : see previous definition of 'DXGI_STATUS_GRAPHICS_VIDPN_SOURCE_IN_USE'
C:\Program Files (x86)\Microsoft DirectX SDK (June 2010)\Include\dxgitype.h(17,1): warning C4005: 'DXGI_STATUS_MODE_CHANGED': macro redefinition
C:\Program Files (x86)\Windows Kits\10\Include\10.0.19041.0\shared\winerror.h(56387): message : see previous definition of 'DXGI_STATUS_MODE_CHANGED'
C:\Program Files (x86)\Microsoft DirectX SDK (June 2010)\Include\dxgitype.h(18,1): warning C4005: 'DXGI_STATUS_MODE_CHANGE_IN_PROGRESS': macro redefinition
C:\Program Files (x86)\Windows Kits\10\Include\10.0.19041.0\shared\winerror.h(56396): message : see previous definition of 'DXGI_STATUS_MODE_CHANGE_IN_PROGRESS'
C:\Program Files (x86)\Microsoft DirectX SDK (June 2010)\Include\dxgitype.h(21,1): warning C4005: 'DXGI_ERROR_INVALID_CALL': macro redefinition
C:\Program Files (x86)\Windows Kits\10\Include\10.0.19041.0\shared\winerror.h(56411): message : see previous definition of 'DXGI_ERROR_INVALID_CALL'
C:\Program Files (x86)\Microsoft DirectX SDK (June 2010)\Include\dxgitype.h(22,1): warning C4005: 'DXGI_ERROR_NOT_FOUND': macro redefinition
C:\Program Files (x86)\Windows Kits\10\Include\10.0.19041.0\shared\winerror.h(56420): message : see previous definition of 'DXGI_ERROR_NOT_FOUND'
C:\Program Files (x86)\Microsoft DirectX SDK (June 2010)\Include\dxgitype.h(23,1): warning C4005: 'DXGI_ERROR_MORE_DATA': macro redefinition
C:\Program Files (x86)\Windows Kits\10\Include\10.0.19041.0\shared\winerror.h(56429): message : see previous definition of 'DXGI_ERROR_MORE_DATA'
C:\Program Files (x86)\Microsoft DirectX SDK (June 2010)\Include\dxgitype.h(24,1): warning C4005: 'DXGI_ERROR_UNSUPPORTED': macro redefinition
C:\Program Files (x86)\Windows Kits\10\Include\10.0.19041.0\shared\winerror.h(56438): message : see previous definition of 'DXGI_ERROR_UNSUPPORTED'
C:\Program Files (x86)\Microsoft DirectX SDK (June 2010)\Include\dxgitype.h(25,1): warning C4005: 'DXGI_ERROR_DEVICE_REMOVED': macro redefinition
C:\Program Files (x86)\Windows Kits\10\Include\10.0.19041.0\shared\winerror.h(56447): message : see previous definition of 'DXGI_ERROR_DEVICE_REMOVED'
C:\Program Files (x86)\Microsoft DirectX SDK (June 2010)\Include\dxgitype.h(26,1): warning C4005: 'DXGI_ERROR_DEVICE_HUNG': macro redefinition
C:\Program Files (x86)\Windows Kits\10\Include\10.0.19041.0\shared\winerror.h(56456): message : see previous definition of 'DXGI_ERROR_DEVICE_HUNG'
C:\Program Files (x86)\Microsoft DirectX SDK (June 2010)\Include\dxgitype.h(27,1): warning C4005: 'DXGI_ERROR_DEVICE_RESET': macro redefinition
C:\Program Files (x86)\Windows Kits\10\Include\10.0.19041.0\shared\winerror.h(56466): message : see previous definition of 'DXGI_ERROR_DEVICE_RESET'
C:\Program Files (x86)\Microsoft DirectX SDK (June 2010)\Include\dxgitype.h(28,1): warning C4005: 'DXGI_ERROR_WAS_STILL_DRAWING': macro redefinition
C:\Program Files (x86)\Windows Kits\10\Include\10.0.19041.0\shared\winerror.h(56475): message : see previous definition of 'DXGI_ERROR_WAS_STILL_DRAWING'
C:\Program Files (x86)\Microsoft DirectX SDK (June 2010)\Include\dxgitype.h(29,1): warning C4005: 'DXGI_ERROR_FRAME_STATISTICS_DISJOINT': macro redefinition
C:\Program Files (x86)\Windows Kits\10\Include\10.0.19041.0\shared\winerror.h(56485): message : see previous definition of 'DXGI_ERROR_FRAME_STATISTICS_DISJOINT'
C:\Program Files (x86)\Microsoft DirectX SDK (June 2010)\Include\dxgitype.h(30,1): warning C4005: 'DXGI_ERROR_GRAPHICS_VIDPN_SOURCE_IN_USE': macro redefinition
C:\Program Files (x86)\Windows Kits\10\Include\10.0.19041.0\shared\winerror.h(56494): message : see previous definition of 'DXGI_ERROR_GRAPHICS_VIDPN_SOURCE_IN_USE'
C:\Program Files (x86)\Microsoft DirectX SDK (June 2010)\Include\dxgitype.h(31,1): warning C4005: 'DXGI_ERROR_DRIVER_INTERNAL_ERROR': macro redefinition
C:\Program Files (x86)\Windows Kits\10\Include\10.0.19041.0\shared\winerror.h(56504): message : see previous definition of 'DXGI_ERROR_DRIVER_INTERNAL_ERROR'
C:\Program Files (x86)\Microsoft DirectX SDK (June 2010)\Include\dxgitype.h(32,1): warning C4005: 'DXGI_ERROR_NONEXCLUSIVE': macro redefinition
C:\Program Files (x86)\Windows Kits\10\Include\10.0.19041.0\shared\winerror.h(56513): message : see previous definition of 'DXGI_ERROR_NONEXCLUSIVE'
C:\Program Files (x86)\Microsoft DirectX SDK (June 2010)\Include\dxgitype.h(33,1): warning C4005: 'DXGI_ERROR_NOT_CURRENTLY_AVAILABLE': macro redefinition
C:\Program Files (x86)\Windows Kits\10\Include\10.0.19041.0\shared\winerror.h(56522): message : see previous definition of 'DXGI_ERROR_NOT_CURRENTLY_AVAILABLE'
C:\Program Files (x86)\Microsoft DirectX SDK (June 2010)\Include\dxgitype.h(34,1): warning C4005: 'DXGI_ERROR_REMOTE_CLIENT_DISCONNECTED': macro redefinition
C:\Program Files (x86)\Windows Kits\10\Include\10.0.19041.0\shared\winerror.h(56532): message : see previous definition of 'DXGI_ERROR_REMOTE_CLIENT_DISCONNECTED'
C:\Program Files (x86)\Microsoft DirectX SDK (June 2010)\Include\dxgitype.h(35,1): warning C4005: 'DXGI_ERROR_REMOTE_OUTOFMEMORY': macro redefinition
C:\Program Files (x86)\Windows Kits\10\Include\10.0.19041.0\shared\winerror.h(56541): message : see previous definition of 'DXGI_ERROR_REMOTE_OUTOFMEMORY'
C:\Program Files (x86)\Microsoft DirectX SDK (June 2010)\Include\d3d11.h(917,1): warning C4005: 'D3D11_ERROR_TOO_MANY_UNIQUE_STATE_OBJECTS': macro redefinition
C:\Program Files (x86)\Windows Kits\10\Include\10.0.19041.0\shared\winerror.h(56819): message : see previous definition of 'D3D11_ERROR_TOO_MANY_UNIQUE_STATE_OBJECTS'
C:\Program Files (x86)\Microsoft DirectX SDK (June 2010)\Include\d3d11.h(918,1): warning C4005: 'D3D11_ERROR_FILE_NOT_FOUND': macro redefinition
C:\Program Files (x86)\Windows Kits\10\Include\10.0.19041.0\shared\winerror.h(56828): message : see previous definition of 'D3D11_ERROR_FILE_NOT_FOUND'
C:\Program Files (x86)\Microsoft DirectX SDK (June 2010)\Include\d3d11.h(919,1): warning C4005: 'D3D11_ERROR_TOO_MANY_UNIQUE_VIEW_OBJECTS': macro redefinition
C:\Program Files (x86)\Windows Kits\10\Include\10.0.19041.0\shared\winerror.h(56838): message : see previous definition of 'D3D11_ERROR_TOO_MANY_UNIQUE_VIEW_OBJECTS'
C:\Program Files (x86)\Microsoft DirectX SDK (June 2010)\Include\d3d11.h(920,1): warning C4005: 'D3D11_ERROR_DEFERRED_CONTEXT_MAP_WITHOUT_INITIAL_DISCARD': macro redefinition
C:\Program Files (x86)\Windows Kits\10\Include\10.0.19041.0\shared\winerror.h(56847): message : see previous definition of 'D3D11_ERROR_DEFERRED_CONTEXT_MAP_WITHOUT_INITIAL_DISCARD'
C:\Program Files (x86)\Microsoft DirectX SDK (June 2010)\Include\d3d10.h(608,1): warning C4005: 'D3D10_ERROR_TOO_MANY_UNIQUE_STATE_OBJECTS': macro redefinition
C:\Program Files (x86)\Windows Kits\10\Include\10.0.19041.0\shared\winerror.h(56795): message : see previous definition of 'D3D10_ERROR_TOO_MANY_UNIQUE_STATE_OBJECTS'
C:\Program Files (x86)\Microsoft DirectX SDK (June 2010)\Include\d3d10.h(609,1): warning C4005: 'D3D10_ERROR_FILE_NOT_FOUND': macro redefinition
C:\Program Files (x86)\Windows Kits\10\Include\10.0.19041.0\shared\winerror.h(56804): message : see previous definition of 'D3D10_ERROR_FILE_NOT_FOUND'
  source.cpp
C:\Program Files (x86)\Microsoft DirectX SDK (June 2010)\Include\dxgitype.h(12,1): warning C4005: 'DXGI_STATUS_OCCLUDED': macro redefinition
C:\Program Files (x86)\Windows Kits\10\Include\10.0.19041.0\shared\winerror.h(56342): message : see previous definition of 'DXGI_STATUS_OCCLUDED'
C:\Program Files (x86)\Microsoft DirectX SDK (June 2010)\Include\dxgitype.h(13,1): warning C4005: 'DXGI_STATUS_CLIPPED': macro redefinition
C:\Program Files (x86)\Windows Kits\10\Include\10.0.19041.0\shared\winerror.h(56351): message : see previous definition of 'DXGI_STATUS_CLIPPED'
C:\Program Files (x86)\Microsoft DirectX SDK (June 2010)\Include\dxgitype.h(14,1): warning C4005: 'DXGI_STATUS_NO_REDIRECTION': macro redefinition
C:\Program Files (x86)\Windows Kits\10\Include\10.0.19041.0\shared\winerror.h(56360): message : see previous definition of 'DXGI_STATUS_NO_REDIRECTION'
C:\Program Files (x86)\Microsoft DirectX SDK (June 2010)\Include\dxgitype.h(15,1): warning C4005: 'DXGI_STATUS_NO_DESKTOP_ACCESS': macro redefinition
C:\Program Files (x86)\Windows Kits\10\Include\10.0.19041.0\shared\winerror.h(56369): message : see previous definition of 'DXGI_STATUS_NO_DESKTOP_ACCESS'
C:\Program Files (x86)\Microsoft DirectX SDK (June 2010)\Include\dxgitype.h(16,1): warning C4005: 'DXGI_STATUS_GRAPHICS_VIDPN_SOURCE_IN_USE': macro redefinition
C:\Program Files (x86)\Windows Kits\10\Include\10.0.19041.0\shared\winerror.h(56378): message : see previous definition of 'DXGI_STATUS_GRAPHICS_VIDPN_SOURCE_IN_USE'
C:\Program Files (x86)\Microsoft DirectX SDK (June 2010)\Include\dxgitype.h(17,1): warning C4005: 'DXGI_STATUS_MODE_CHANGED': macro redefinition
C:\Program Files (x86)\Windows Kits\10\Include\10.0.19041.0\shared\winerror.h(56387): message : see previous definition of 'DXGI_STATUS_MODE_CHANGED'
C:\Program Files (x86)\Microsoft DirectX SDK (June 2010)\Include\dxgitype.h(18,1): warning C4005: 'DXGI_STATUS_MODE_CHANGE_IN_PROGRESS': macro redefinition
C:\Program Files (x86)\Windows Kits\10\Include\10.0.19041.0\shared\winerror.h(56396): message : see previous definition of 'DXGI_STATUS_MODE_CHANGE_IN_PROGRESS'
C:\Program Files (x86)\Microsoft DirectX SDK (June 2010)\Include\dxgitype.h(21,1): warning C4005: 'DXGI_ERROR_INVALID_CALL': macro redefinition
C:\Program Files (x86)\Windows Kits\10\Include\10.0.19041.0\shared\winerror.h(56411): message : see previous definition of 'DXGI_ERROR_INVALID_CALL'
C:\Program Files (x86)\Microsoft DirectX SDK (June 2010)\Include\dxgitype.h(22,1): warning C4005: 'DXGI_ERROR_NOT_FOUND': macro redefinition
C:\Program Files (x86)\Windows Kits\10\Include\10.0.19041.0\shared\winerror.h(56420): message : see previous definition of 'DXGI_ERROR_NOT_FOUND'
C:\Program Files (x86)\Microsoft DirectX SDK (June 2010)\Include\dxgitype.h(23,1): warning C4005: 'DXGI_ERROR_MORE_DATA': macro redefinition
C:\Program Files (x86)\Windows Kits\10\Include\10.0.19041.0\shared\winerror.h(56429): message : see previous definition of 'DXGI_ERROR_MORE_DATA'
C:\Program Files (x86)\Microsoft DirectX SDK (June 2010)\Include\dxgitype.h(24,1): warning C4005: 'DXGI_ERROR_UNSUPPORTED': macro redefinition
C:\Program Files (x86)\Windows Kits\10\Include\10.0.19041.0\shared\winerror.h(56438): message : see previous definition of 'DXGI_ERROR_UNSUPPORTED'
C:\Program Files (x86)\Microsoft DirectX SDK (June 2010)\Include\dxgitype.h(25,1): warning C4005: 'DXGI_ERROR_DEVICE_REMOVED': macro redefinition
C:\Program Files (x86)\Windows Kits\10\Include\10.0.19041.0\shared\winerror.h(56447): message : see previous definition of 'DXGI_ERROR_DEVICE_REMOVED'
C:\Program Files (x86)\Microsoft DirectX SDK (June 2010)\Include\dxgitype.h(26,1): warning C4005: 'DXGI_ERROR_DEVICE_HUNG': macro redefinition
C:\Program Files (x86)\Windows Kits\10\Include\10.0.19041.0\shared\winerror.h(56456): message : see previous definition of 'DXGI_ERROR_DEVICE_HUNG'
C:\Program Files (x86)\Microsoft DirectX SDK (June 2010)\Include\dxgitype.h(27,1): warning C4005: 'DXGI_ERROR_DEVICE_RESET': macro redefinition
C:\Program Files (x86)\Windows Kits\10\Include\10.0.19041.0\shared\winerror.h(56466): message : see previous definition of 'DXGI_ERROR_DEVICE_RESET'
C:\Program Files (x86)\Microsoft DirectX SDK (June 2010)\Include\dxgitype.h(28,1): warning C4005: 'DXGI_ERROR_WAS_STILL_DRAWING': macro redefinition
C:\Program Files (x86)\Windows Kits\10\Include\10.0.19041.0\shared\winerror.h(56475): message : see previous definition of 'DXGI_ERROR_WAS_STILL_DRAWING'
C:\Program Files (x86)\Microsoft DirectX SDK (June 2010)\Include\dxgitype.h(29,1): warning C4005: 'DXGI_ERROR_FRAME_STATISTICS_DISJOINT': macro redefinition
C:\Program Files (x86)\Windows Kits\10\Include\10.0.19041.0\shared\winerror.h(56485): message : see previous definition of 'DXGI_ERROR_FRAME_STATISTICS_DISJOINT'
C:\Program Files (x86)\Microsoft DirectX SDK (June 2010)\Include\dxgitype.h(30,1): warning C4005: 'DXGI_ERROR_GRAPHICS_VIDPN_SOURCE_IN_USE': macro redefinition
C:\Program Files (x86)\Windows Kits\10\Include\10.0.19041.0\shared\winerror.h(56494): message : see previous definition of 'DXGI_ERROR_GRAPHICS_VIDPN_SOURCE_IN_USE'
C:\Program Files (x86)\Microsoft DirectX SDK (June 2010)\Include\dxgitype.h(31,1): warning C4005: 'DXGI_ERROR_DRIVER_INTERNAL_ERROR': macro redefinition
C:\Program Files (x86)\Windows Kits\10\Include\10.0.19041.0\shared\winerror.h(56504): message : see previous definition of 'DXGI_ERROR_DRIVER_INTERNAL_ERROR'
C:\Program Files (x86)\Microsoft DirectX SDK (June 2010)\Include\dxgitype.h(32,1): warning C4005: 'DXGI_ERROR_NONEXCLUSIVE': macro redefinition
C:\Program Files (x86)\Windows Kits\10\Include\10.0.19041.0\shared\winerror.h(56513): message : see previous definition of 'DXGI_ERROR_NONEXCLUSIVE'
C:\Program Files (x86)\Microsoft DirectX SDK (June 2010)\Include\dxgitype.h(33,1): warning C4005: 'DXGI_ERROR_NOT_CURRENTLY_AVAILABLE': macro redefinition
C:\Program Files (x86)\Windows Kits\10\Include\10.0.19041.0\shared\winerror.h(56522): message : see previous definition of 'DXGI_ERROR_NOT_CURRENTLY_AVAILABLE'
C:\Program Files (x86)\Microsoft DirectX SDK (June 2010)\Include\dxgitype.h(34,1): warning C4005: 'DXGI_ERROR_REMOTE_CLIENT_DISCONNECTED': macro redefinition
C:\Program Files (x86)\Windows Kits\10\Include\10.0.19041.0\shared\winerror.h(56532): message : see previous definition of 'DXGI_ERROR_REMOTE_CLIENT_DISCONNECTED'
C:\Program Files (x86)\Microsoft DirectX SDK (June 2010)\Include\dxgitype.h(35,1): warning C4005: 'DXGI_ERROR_REMOTE_OUTOFMEMORY': macro redefinition
C:\Program Files (x86)\Windows Kits\10\Include\10.0.19041.0\shared\winerror.h(56541): message : see previous definition of 'DXGI_ERROR_REMOTE_OUTOFMEMORY'
C:\Program Files (x86)\Microsoft DirectX SDK (June 2010)\Include\d3d11.h(917,1): warning C4005: 'D3D11_ERROR_TOO_MANY_UNIQUE_STATE_OBJECTS': macro redefinition
C:\Program Files (x86)\Windows Kits\10\Include\10.0.19041.0\shared\winerror.h(56819): message : see previous definition of 'D3D11_ERROR_TOO_MANY_UNIQUE_STATE_OBJECTS'
C:\Program Files (x86)\Microsoft DirectX SDK (June 2010)\Include\d3d11.h(918,1): warning C4005: 'D3D11_ERROR_FILE_NOT_FOUND': macro redefinition
C:\Program Files (x86)\Windows Kits\10\Include\10.0.19041.0\shared\winerror.h(56828): message : see previous definition of 'D3D11_ERROR_FILE_NOT_FOUND'
C:\Program Files (x86)\Microsoft DirectX SDK (June 2010)\Include\d3d11.h(919,1): warning C4005: 'D3D11_ERROR_TOO_MANY_UNIQUE_VIEW_OBJECTS': macro redefinition
C:\Program Files (x86)\Windows Kits\10\Include\10.0.19041.0\shared\winerror.h(56838): message : see previous definition of 'D3D11_ERROR_TOO_MANY_UNIQUE_VIEW_OBJECTS'
C:\Program Files (x86)\Microsoft DirectX SDK (June 2010)\Include\d3d11.h(920,1): warning C4005: 'D3D11_ERROR_DEFERRED_CONTEXT_MAP_WITHOUT_INITIAL_DISCARD': macro redefinition
C:\Program Files (x86)\Windows Kits\10\Include\10.0.19041.0\shared\winerror.h(56847): message : see previous definition of 'D3D11_ERROR_DEFERRED_CONTEXT_MAP_WITHOUT_INITIAL_DISCARD'
C:\Program Files (x86)\Microsoft DirectX SDK (June 2010)\Include\d3d10.h(608,1): warning C4005: 'D3D10_ERROR_TOO_MANY_UNIQUE_STATE_OBJECTS': macro redefinition
C:\Program Files (x86)\Windows Kits\10\Include\10.0.19041.0\shared\winerror.h(56795): message : see previous definition of 'D3D10_ERROR_TOO_MANY_UNIQUE_STATE_OBJECTS'
C:\Program Files (x86)\Microsoft DirectX SDK (June 2010)\Include\d3d10.h(609,1): warning C4005: 'D3D10_ERROR_FILE_NOT_FOUND': macro redefinition
C:\Program Files (x86)\Windows Kits\10\Include\10.0.19041.0\shared\winerror.h(56804): message : see previous definition of 'D3D10_ERROR_FILE_NOT_FOUND'
MSVCRT.lib(initializers.obj) : warning LNK4098: defaultlib 'libcmt.lib' conflicts with use of other libs; use /NODEFAULTLIB:library
  Generating code
  Previous IPDB not found, fall back to full compilation.
  All 1546 functions were compiled because no usable IPDB/IOBJ from previous compilation was found.
  Finished generating code
  x64_client_gui.vcxproj -> D:\git\DA_EasyAuth_Licensing\Client\x64_client_gui\x64\Release\x64_client_gui.exe
