  antidbg.cpp
C:\Program Files (x86)\Microsoft DirectX SDK (June 2010)\Include\dxgitype.h(12,1): warning C4005: "DXGI_STATUS_OCCLUDED": Makro-Neudefinition
C:\Program Files (x86)\Windows Kits\10\Include\10.0.19041.0\shared\winerror.h(56342): message : Siehe vorherige Definition von "DXGI_STATUS_OCCLUDED"
C:\Program Files (x86)\Microsoft DirectX SDK (June 2010)\Include\dxgitype.h(13,1): warning C4005: "DXGI_STATUS_CLIPPED": Makro-Neudefinition
C:\Program Files (x86)\Windows Kits\10\Include\10.0.19041.0\shared\winerror.h(56351): message : Siehe vorherige Definition von "DXGI_STATUS_CLIPPED"
C:\Program Files (x86)\Microsoft DirectX SDK (June 2010)\Include\dxgitype.h(14,1): warning C4005: "DXGI_STATUS_NO_REDIRECTION": Makro-Neudefinition
C:\Program Files (x86)\Windows Kits\10\Include\10.0.19041.0\shared\winerror.h(56360): message : Siehe vorherige Definition von "DXGI_STATUS_NO_REDIRECTION"
C:\Program Files (x86)\Microsoft DirectX SDK (June 2010)\Include\dxgitype.h(15,1): warning C4005: "DXGI_STATUS_NO_DESKTOP_ACCESS": Makro-Neudefinition
C:\Program Files (x86)\Windows Kits\10\Include\10.0.19041.0\shared\winerror.h(56369): message : Siehe vorherige Definition von "DXGI_STATUS_NO_DESKTOP_ACCESS"
C:\Program Files (x86)\Microsoft DirectX SDK (June 2010)\Include\dxgitype.h(16,1): warning C4005: "DXGI_STATUS_GRAPHICS_VIDPN_SOURCE_IN_USE": Makro-Neudefinition
C:\Program Files (x86)\Windows Kits\10\Include\10.0.19041.0\shared\winerror.h(56378): message : Siehe vorherige Definition von "DXGI_STATUS_GRAPHICS_VIDPN_SOURCE_IN_USE"
C:\Program Files (x86)\Microsoft DirectX SDK (June 2010)\Include\dxgitype.h(17,1): warning C4005: "DXGI_STATUS_MODE_CHANGED": Makro-Neudefinition
C:\Program Files (x86)\Windows Kits\10\Include\10.0.19041.0\shared\winerror.h(56387): message : Siehe vorherige Definition von "DXGI_STATUS_MODE_CHANGED"
C:\Program Files (x86)\Microsoft DirectX SDK (June 2010)\Include\dxgitype.h(18,1): warning C4005: "DXGI_STATUS_MODE_CHANGE_IN_PROGRESS": Makro-Neudefinition
C:\Program Files (x86)\Windows Kits\10\Include\10.0.19041.0\shared\winerror.h(56396): message : Siehe vorherige Definition von "DXGI_STATUS_MODE_CHANGE_IN_PROGRESS"
C:\Program Files (x86)\Microsoft DirectX SDK (June 2010)\Include\dxgitype.h(21,1): warning C4005: "DXGI_ERROR_INVALID_CALL": Makro-Neudefinition
C:\Program Files (x86)\Windows Kits\10\Include\10.0.19041.0\shared\winerror.h(56411): message : Siehe vorherige Definition von "DXGI_ERROR_INVALID_CALL"
C:\Program Files (x86)\Microsoft DirectX SDK (June 2010)\Include\dxgitype.h(22,1): warning C4005: "DXGI_ERROR_NOT_FOUND": Makro-Neudefinition
C:\Program Files (x86)\Windows Kits\10\Include\10.0.19041.0\shared\winerror.h(56420): message : Siehe vorherige Definition von "DXGI_ERROR_NOT_FOUND"
C:\Program Files (x86)\Microsoft DirectX SDK (June 2010)\Include\dxgitype.h(23,1): warning C4005: "DXGI_ERROR_MORE_DATA": Makro-Neudefinition
C:\Program Files (x86)\Windows Kits\10\Include\10.0.19041.0\shared\winerror.h(56429): message : Siehe vorherige Definition von "DXGI_ERROR_MORE_DATA"
C:\Program Files (x86)\Microsoft DirectX SDK (June 2010)\Include\dxgitype.h(24,1): warning C4005: "DXGI_ERROR_UNSUPPORTED": Makro-Neudefinition
C:\Program Files (x86)\Windows Kits\10\Include\10.0.19041.0\shared\winerror.h(56438): message : Siehe vorherige Definition von "DXGI_ERROR_UNSUPPORTED"
C:\Program Files (x86)\Microsoft DirectX SDK (June 2010)\Include\dxgitype.h(25,1): warning C4005: "DXGI_ERROR_DEVICE_REMOVED": Makro-Neudefinition
C:\Program Files (x86)\Windows Kits\10\Include\10.0.19041.0\shared\winerror.h(56447): message : Siehe vorherige Definition von "DXGI_ERROR_DEVICE_REMOVED"
C:\Program Files (x86)\Microsoft DirectX SDK (June 2010)\Include\dxgitype.h(26,1): warning C4005: "DXGI_ERROR_DEVICE_HUNG": Makro-Neudefinition
C:\Program Files (x86)\Windows Kits\10\Include\10.0.19041.0\shared\winerror.h(56456): message : Siehe vorherige Definition von "DXGI_ERROR_DEVICE_HUNG"
C:\Program Files (x86)\Microsoft DirectX SDK (June 2010)\Include\dxgitype.h(27,1): warning C4005: "DXGI_ERROR_DEVICE_RESET": Makro-Neudefinition
C:\Program Files (x86)\Windows Kits\10\Include\10.0.19041.0\shared\winerror.h(56466): message : Siehe vorherige Definition von "DXGI_ERROR_DEVICE_RESET"
C:\Program Files (x86)\Microsoft DirectX SDK (June 2010)\Include\dxgitype.h(28,1): warning C4005: "DXGI_ERROR_WAS_STILL_DRAWING": Makro-Neudefinition
C:\Program Files (x86)\Windows Kits\10\Include\10.0.19041.0\shared\winerror.h(56475): message : Siehe vorherige Definition von "DXGI_ERROR_WAS_STILL_DRAWING"
C:\Program Files (x86)\Microsoft DirectX SDK (June 2010)\Include\dxgitype.h(29,1): warning C4005: "DXGI_ERROR_FRAME_STATISTICS_DISJOINT": Makro-Neudefinition
C:\Program Files (x86)\Windows Kits\10\Include\10.0.19041.0\shared\winerror.h(56485): message : Siehe vorherige Definition von "DXGI_ERROR_FRAME_STATISTICS_DISJOINT"
C:\Program Files (x86)\Microsoft DirectX SDK (June 2010)\Include\dxgitype.h(30,1): warning C4005: "DXGI_ERROR_GRAPHICS_VIDPN_SOURCE_IN_USE": Makro-Neudefinition
C:\Program Files (x86)\Windows Kits\10\Include\10.0.19041.0\shared\winerror.h(56494): message : Siehe vorherige Definition von "DXGI_ERROR_GRAPHICS_VIDPN_SOURCE_IN_USE"
C:\Program Files (x86)\Microsoft DirectX SDK (June 2010)\Include\dxgitype.h(31,1): warning C4005: "DXGI_ERROR_DRIVER_INTERNAL_ERROR": Makro-Neudefinition
C:\Program Files (x86)\Windows Kits\10\Include\10.0.19041.0\shared\winerror.h(56504): message : Siehe vorherige Definition von "DXGI_ERROR_DRIVER_INTERNAL_ERROR"
C:\Program Files (x86)\Microsoft DirectX SDK (June 2010)\Include\dxgitype.h(32,1): warning C4005: "DXGI_ERROR_NONEXCLUSIVE": Makro-Neudefinition
C:\Program Files (x86)\Windows Kits\10\Include\10.0.19041.0\shared\winerror.h(56513): message : Siehe vorherige Definition von "DXGI_ERROR_NONEXCLUSIVE"
C:\Program Files (x86)\Microsoft DirectX SDK (June 2010)\Include\dxgitype.h(33,1): warning C4005: "DXGI_ERROR_NOT_CURRENTLY_AVAILABLE": Makro-Neudefinition
C:\Program Files (x86)\Windows Kits\10\Include\10.0.19041.0\shared\winerror.h(56522): message : Siehe vorherige Definition von "DXGI_ERROR_NOT_CURRENTLY_AVAILABLE"
C:\Program Files (x86)\Microsoft DirectX SDK (June 2010)\Include\dxgitype.h(34,1): warning C4005: "DXGI_ERROR_REMOTE_CLIENT_DISCONNECTED": Makro-Neudefinition
C:\Program Files (x86)\Windows Kits\10\Include\10.0.19041.0\shared\winerror.h(56532): message : Siehe vorherige Definition von "DXGI_ERROR_REMOTE_CLIENT_DISCONNECTED"
C:\Program Files (x86)\Microsoft DirectX SDK (June 2010)\Include\dxgitype.h(35,1): warning C4005: "DXGI_ERROR_REMOTE_OUTOFMEMORY": Makro-Neudefinition
C:\Program Files (x86)\Windows Kits\10\Include\10.0.19041.0\shared\winerror.h(56541): message : Siehe vorherige Definition von "DXGI_ERROR_REMOTE_OUTOFMEMORY"
C:\Program Files (x86)\Microsoft DirectX SDK (June 2010)\Include\d3d11.h(917,1): warning C4005: "D3D11_ERROR_TOO_MANY_UNIQUE_STATE_OBJECTS": Makro-Neudefinition
C:\Program Files (x86)\Windows Kits\10\Include\10.0.19041.0\shared\winerror.h(56819): message : Siehe vorherige Definition von "D3D11_ERROR_TOO_MANY_UNIQUE_STATE_OBJECTS"
C:\Program Files (x86)\Microsoft DirectX SDK (June 2010)\Include\d3d11.h(918,1): warning C4005: "D3D11_ERROR_FILE_NOT_FOUND": Makro-Neudefinition
C:\Program Files (x86)\Windows Kits\10\Include\10.0.19041.0\shared\winerror.h(56828): message : Siehe vorherige Definition von "D3D11_ERROR_FILE_NOT_FOUND"
C:\Program Files (x86)\Microsoft DirectX SDK (June 2010)\Include\d3d11.h(919,1): warning C4005: "D3D11_ERROR_TOO_MANY_UNIQUE_VIEW_OBJECTS": Makro-Neudefinition
C:\Program Files (x86)\Windows Kits\10\Include\10.0.19041.0\shared\winerror.h(56838): message : Siehe vorherige Definition von "D3D11_ERROR_TOO_MANY_UNIQUE_VIEW_OBJECTS"
C:\Program Files (x86)\Microsoft DirectX SDK (June 2010)\Include\d3d11.h(920,1): warning C4005: "D3D11_ERROR_DEFERRED_CONTEXT_MAP_WITHOUT_INITIAL_DISCARD": Makro-Neudefinition
C:\Program Files (x86)\Windows Kits\10\Include\10.0.19041.0\shared\winerror.h(56847): message : Siehe vorherige Definition von "D3D11_ERROR_DEFERRED_CONTEXT_MAP_WITHOUT_INITIAL_DISCARD"
C:\Program Files (x86)\Microsoft DirectX SDK (June 2010)\Include\d3d10.h(608,1): warning C4005: "D3D10_ERROR_TOO_MANY_UNIQUE_STATE_OBJECTS": Makro-Neudefinition
C:\Program Files (x86)\Windows Kits\10\Include\10.0.19041.0\shared\winerror.h(56795): message : Siehe vorherige Definition von "D3D10_ERROR_TOO_MANY_UNIQUE_STATE_OBJECTS"
C:\Program Files (x86)\Microsoft DirectX SDK (June 2010)\Include\d3d10.h(609,1): warning C4005: "D3D10_ERROR_FILE_NOT_FOUND": Makro-Neudefinition
C:\Program Files (x86)\Windows Kits\10\Include\10.0.19041.0\shared\winerror.h(56804): message : Siehe vorherige Definition von "D3D10_ERROR_FILE_NOT_FOUND"
MSVCRT.lib(initializers.obj) : warning LNK4098: Standardbibliothek "libcmt.lib" steht in Konflikt mit anderen Bibliotheken; /NODEFAULTLIB:Bibliothek verwenden.
  Code wird generiert.
  61 of 1803 functions ( 3.4%) were compiled, the rest were copied from previous compilation.
    53 functions were new in current compilation
    17 functions had inline decision re-evaluated but remain unchanged
  Codegenerierung ist abgeschlossen.
  x64_client_gui.vcxproj -> D:\git\DA_EasyAuth_Licensing\Client\x64_client_gui\x64\Release\x64_client_gui.exe
