d:\git\da_easyauth_licensing\client\x64_client_gui\x64_client_gui\x64\release\vc142.pdb
d:\git\da_easyauth_licensing\client\x64_client_gui\x64_client_gui\x64\release\source.obj
d:\git\da_easyauth_licensing\client\x64_client_gui\x64_client_gui\x64\release\native_ldr.obj
d:\git\da_easyauth_licensing\client\x64_client_gui\x64_client_gui\x64\release\loader.obj
d:\git\da_easyauth_licensing\client\x64_client_gui\x64_client_gui\x64\release\imgui_widgets.obj
d:\git\da_easyauth_licensing\client\x64_client_gui\x64_client_gui\x64\release\imgui_tables.obj
d:\git\da_easyauth_licensing\client\x64_client_gui\x64_client_gui\x64\release\imgui_impl_win32.obj
d:\git\da_easyauth_licensing\client\x64_client_gui\x64_client_gui\x64\release\imgui_impl_dx11.obj
d:\git\da_easyauth_licensing\client\x64_client_gui\x64_client_gui\x64\release\imgui_draw.obj
d:\git\da_easyauth_licensing\client\x64_client_gui\x64_client_gui\x64\release\imgui_demo.obj
d:\git\da_easyauth_licensing\client\x64_client_gui\x64_client_gui\x64\release\imgui.obj
d:\git\da_easyauth_licensing\client\x64_client_gui\x64_client_gui\x64\release\gui.obj
d:\git\da_easyauth_licensing\client\x64_client_gui\x64_client_gui\x64\release\dotnet_ldr.obj
d:\git\da_easyauth_licensing\client\x64_client_gui\x64_client_gui\x64\release\crypt.obj
d:\git\da_easyauth_licensing\client\x64_client_gui\x64_client_gui\x64\release\auth.obj
d:\git\da_easyauth_licensing\client\x64_client_gui\x64_client_gui\x64\release\antidbg.obj
d:\git\da_easyauth_licensing\client\x64_client_gui\x64\release\x64_client_gui.exe
d:\git\da_easyauth_licensing\client\x64_client_gui\x64\release\x64_client_gui.pdb
d:\git\da_easyauth_licensing\client\x64_client_gui\x64\release\x64_client_gui.ipdb
d:\git\da_easyauth_licensing\client\x64_client_gui\x64\release\x64_client_gui.iobj
d:\git\da_easyauth_licensing\client\x64_client_gui\x64_client_gui\x64\release\mscorlib.tlh
d:\git\da_easyauth_licensing\client\x64_client_gui\x64_client_gui\x64\release\x64_client_gui.tlog\cl.command.1.tlog
d:\git\da_easyauth_licensing\client\x64_client_gui\x64_client_gui\x64\release\x64_client_gui.tlog\cl.read.1.tlog
d:\git\da_easyauth_licensing\client\x64_client_gui\x64_client_gui\x64\release\x64_client_gui.tlog\cl.write.1.tlog
d:\git\da_easyauth_licensing\client\x64_client_gui\x64_client_gui\x64\release\x64_client_gui.tlog\link.command.1.tlog
d:\git\da_easyauth_licensing\client\x64_client_gui\x64_client_gui\x64\release\x64_client_gui.tlog\link.read.1.tlog
d:\git\da_easyauth_licensing\client\x64_client_gui\x64_client_gui\x64\release\x64_client_gui.tlog\link.write.1.tlog
d:\git\da_easyauth_licensing\client\x64_client_gui\x64_client_gui\x64\release\x64_client_gui.tlog\x64_client_gui.write.1u.tlog
